This file contains any messages produced by compilers while
running configure, to aid debugging if configure makes a mistake.

It was created by pjproject aconfigure 1.x, which was
generated by GNU Autoconf 2.61.  Invocation command line was

  $ ./aconfigure 

## --------- ##
## Platform. ##
## --------- ##

hostname = nose
uname -m = i686
uname -r = 2.6.27-17-generic
uname -s = Linux
uname -v = #1 SMP Fri Mar 12 03:09:00 UTC 2010

/usr/bin/uname -p = unknown
/bin/uname -X     = unknown

/bin/arch              = unknown
/usr/bin/arch -k       = unknown
/usr/convex/getsysinfo = unknown
/usr/bin/hostinfo      = unknown
/bin/machine           = unknown
/usr/bin/oslevel       = unknown
/bin/universe          = unknown

PATH: /home/alex/bin
PATH: /usr/local/sbin
PATH: /usr/local/bin
PATH: /usr/sbin
PATH: /usr/bin
PATH: /sbin
PATH: /bin
PATH: /usr/games


## ----------- ##
## Core tests. ##
## ----------- ##

aconfigure:1837: checking build system type
aconfigure:1855: result: i686-pc-linux-gnu
aconfigure:1877: checking host system type
aconfigure:1892: result: i686-pc-linux-gnu
aconfigure:1914: checking target system type
aconfigure:1929: result: i686-pc-linux-gnu
aconfigure:2019: checking for gcc
aconfigure:2035: found /usr/bin/gcc
aconfigure:2046: result: gcc
aconfigure:2284: checking for C compiler version
aconfigure:2291: gcc --version >&5
gcc (Ubuntu 4.3.2-1ubuntu12) 4.3.2
Copyright (C) 2008 Free Software Foundation, Inc.
This is free software; see the source for copying conditions.  There is NO
warranty; not even for MERCHANTABILITY or FITNESS FOR A PARTICULAR PURPOSE.

aconfigure:2294: $? = 0
aconfigure:2301: gcc -v >&5
Using built-in specs.
Target: i486-linux-gnu
Configured with: ../src/configure -v --with-pkgversion='Ubuntu 4.3.2-1ubuntu12' --with-bugurl=file:///usr/share/doc/gcc-4.3/README.Bugs --enable-languages=c,c++,fortran,objc,obj-c++ --prefix=/usr --enable-shared --with-system-zlib --libexecdir=/usr/lib --without-included-gettext --enable-threads=posix --enable-nls --with-gxx-include-dir=/usr/include/c++/4.3 --program-suffix=-4.3 --enable-clocale=gnu --enable-libstdcxx-debug --enable-objc-gc --enable-mpfr --enable-targets=all --enable-checking=release --build=i486-linux-gnu --host=i486-linux-gnu --target=i486-linux-gnu
Thread model: posix
gcc version 4.3.2 (Ubuntu 4.3.2-1ubuntu12) 
aconfigure:2304: $? = 0
aconfigure:2311: gcc -V >&5
gcc: '-V' option must have argument
aconfigure:2314: $? = 1
aconfigure:2337: checking for C compiler default output file name
aconfigure:2364: gcc -O2   conftest.c  >&5
aconfigure:2367: $? = 0
aconfigure:2405: result: a.out
aconfigure:2422: checking whether the C compiler works
aconfigure:2432: ./a.out
aconfigure:2435: $? = 0
aconfigure:2452: result: yes
aconfigure:2459: checking whether we are cross compiling
aconfigure:2461: result: no
aconfigure:2464: checking for suffix of executables
aconfigure:2471: gcc -o conftest -O2   conftest.c  >&5
aconfigure:2474: $? = 0
aconfigure:2498: result: 
aconfigure:2504: checking for suffix of object files
aconfigure:2530: gcc -c -O2  conftest.c >&5
aconfigure:2533: $? = 0
aconfigure:2556: result: o
aconfigure:2560: checking whether we are using the GNU C compiler
aconfigure:2589: gcc -c -O2  conftest.c >&5
aconfigure:2595: $? = 0
aconfigure:2612: result: yes
aconfigure:2617: checking whether gcc accepts -g
aconfigure:2647: gcc -c -g  conftest.c >&5
aconfigure:2653: $? = 0
aconfigure:2752: result: yes
aconfigure:2769: checking for gcc option to accept ISO C89
aconfigure:2843: gcc  -c -O2  conftest.c >&5
aconfigure:2849: $? = 0
aconfigure:2872: result: none needed
aconfigure:2948: checking for g++
aconfigure:2964: found /usr/bin/g++
aconfigure:2975: result: g++
aconfigure:3006: checking for C++ compiler version
aconfigure:3013: g++ --version >&5
g++ (Ubuntu 4.3.2-1ubuntu12) 4.3.2
Copyright (C) 2008 Free Software Foundation, Inc.
This is free software; see the source for copying conditions.  There is NO
warranty; not even for MERCHANTABILITY or FITNESS FOR A PARTICULAR PURPOSE.

aconfigure:3016: $? = 0
aconfigure:3023: g++ -v >&5
Using built-in specs.
Target: i486-linux-gnu
Configured with: ../src/configure -v --with-pkgversion='Ubuntu 4.3.2-1ubuntu12' --with-bugurl=file:///usr/share/doc/gcc-4.3/README.Bugs --enable-languages=c,c++,fortran,objc,obj-c++ --prefix=/usr --enable-shared --with-system-zlib --libexecdir=/usr/lib --without-included-gettext --enable-threads=posix --enable-nls --with-gxx-include-dir=/usr/include/c++/4.3 --program-suffix=-4.3 --enable-clocale=gnu --enable-libstdcxx-debug --enable-objc-gc --enable-mpfr --enable-targets=all --enable-checking=release --build=i486-linux-gnu --host=i486-linux-gnu --target=i486-linux-gnu
Thread model: posix
gcc version 4.3.2 (Ubuntu 4.3.2-1ubuntu12) 
aconfigure:3026: $? = 0
aconfigure:3033: g++ -V >&5
g++: '-V' option must have argument
aconfigure:3036: $? = 1
aconfigure:3039: checking whether we are using the GNU C++ compiler
aconfigure:3068: g++ -c -O2   conftest.cpp >&5
aconfigure:3074: $? = 0
aconfigure:3091: result: yes
aconfigure:3096: checking whether g++ accepts -g
aconfigure:3126: g++ -c -g  conftest.cpp >&5
aconfigure:3132: $? = 0
aconfigure:3231: result: yes
aconfigure:3311: checking for pthread_create in -lpthread
aconfigure:3346: gcc -o conftest -O2   conftest.c -lpthread   >&5
aconfigure:3352: $? = 0
aconfigure:3370: result: yes
aconfigure:3382: checking for puts in -lwsock32
aconfigure:3417: gcc -o conftest -O2   conftest.c -lwsock32  -lpthread  >&5
conftest.c:16: warning: conflicting types for built-in function 'puts'
/usr/bin/ld: cannot find -lwsock32
collect2: ld returned 1 exit status
aconfigure:3423: $? = 1
aconfigure: failed program was:
| /* confdefs.h.  */
| #define PACKAGE_NAME "pjproject"
| #define PACKAGE_TARNAME "pjproject"
| #define PACKAGE_VERSION "1.x"
| #define PACKAGE_STRING "pjproject 1.x"
| #define PACKAGE_BUGREPORT ""
| #define HAVE_LIBPTHREAD 1
| /* end confdefs.h.  */
| 
| /* Override any GCC internal prototype to avoid an error.
|    Use char because int might match the return type of a GCC
|    builtin and then its argument prototype would still apply.  */
| #ifdef __cplusplus
| extern "C"
| #endif
| char puts ();
| int
| main ()
| {
| return puts ();
|   ;
|   return 0;
| }
aconfigure:3441: result: no
aconfigure:3453: checking for puts in -lws2_32
aconfigure:3488: gcc -o conftest -O2   conftest.c -lws2_32  -lpthread  >&5
conftest.c:16: warning: conflicting types for built-in function 'puts'
/usr/bin/ld: cannot find -lws2_32
collect2: ld returned 1 exit status
aconfigure:3494: $? = 1
aconfigure: failed program was:
| /* confdefs.h.  */
| #define PACKAGE_NAME "pjproject"
| #define PACKAGE_TARNAME "pjproject"
| #define PACKAGE_VERSION "1.x"
| #define PACKAGE_STRING "pjproject 1.x"
| #define PACKAGE_BUGREPORT ""
| #define HAVE_LIBPTHREAD 1
| /* end confdefs.h.  */
| 
| /* Override any GCC internal prototype to avoid an error.
|    Use char because int might match the return type of a GCC
|    builtin and then its argument prototype would still apply.  */
| #ifdef __cplusplus
| extern "C"
| #endif
| char puts ();
| int
| main ()
| {
| return puts ();
|   ;
|   return 0;
| }
aconfigure:3512: result: no
aconfigure:3524: checking for puts in -lole32
aconfigure:3559: gcc -o conftest -O2   conftest.c -lole32  -lpthread  >&5
conftest.c:16: warning: conflicting types for built-in function 'puts'
/usr/bin/ld: cannot find -lole32
collect2: ld returned 1 exit status
aconfigure:3565: $? = 1
aconfigure: failed program was:
| /* confdefs.h.  */
| #define PACKAGE_NAME "pjproject"
| #define PACKAGE_TARNAME "pjproject"
| #define PACKAGE_VERSION "1.x"
| #define PACKAGE_STRING "pjproject 1.x"
| #define PACKAGE_BUGREPORT ""
| #define HAVE_LIBPTHREAD 1
| /* end confdefs.h.  */
| 
| /* Override any GCC internal prototype to avoid an error.
|    Use char because int might match the return type of a GCC
|    builtin and then its argument prototype would still apply.  */
| #ifdef __cplusplus
| extern "C"
| #endif
| char puts ();
| int
| main ()
| {
| return puts ();
|   ;
|   return 0;
| }
aconfigure:3583: result: no
aconfigure:3595: checking for puts in -lwinmm
aconfigure:3630: gcc -o conftest -O2   conftest.c -lwinmm  -lpthread  >&5
conftest.c:16: warning: conflicting types for built-in function 'puts'
/usr/bin/ld: cannot find -lwinmm
collect2: ld returned 1 exit status
aconfigure:3636: $? = 1
aconfigure: failed program was:
| /* confdefs.h.  */
| #define PACKAGE_NAME "pjproject"
| #define PACKAGE_TARNAME "pjproject"
| #define PACKAGE_VERSION "1.x"
| #define PACKAGE_STRING "pjproject 1.x"
| #define PACKAGE_BUGREPORT ""
| #define HAVE_LIBPTHREAD 1
| /* end confdefs.h.  */
| 
| /* Override any GCC internal prototype to avoid an error.
|    Use char because int might match the return type of a GCC
|    builtin and then its argument prototype would still apply.  */
| #ifdef __cplusplus
| extern "C"
| #endif
| char puts ();
| int
| main ()
| {
| return puts ();
|   ;
|   return 0;
| }
aconfigure:3654: result: no
aconfigure:3666: checking for puts in -lsocket
aconfigure:3701: gcc -o conftest -O2   conftest.c -lsocket  -lpthread  >&5
conftest.c:16: warning: conflicting types for built-in function 'puts'
/usr/bin/ld: cannot find -lsocket
collect2: ld returned 1 exit status
aconfigure:3707: $? = 1
aconfigure: failed program was:
| /* confdefs.h.  */
| #define PACKAGE_NAME "pjproject"
| #define PACKAGE_TARNAME "pjproject"
| #define PACKAGE_VERSION "1.x"
| #define PACKAGE_STRING "pjproject 1.x"
| #define PACKAGE_BUGREPORT ""
| #define HAVE_LIBPTHREAD 1
| /* end confdefs.h.  */
| 
| /* Override any GCC internal prototype to avoid an error.
|    Use char because int might match the return type of a GCC
|    builtin and then its argument prototype would still apply.  */
| #ifdef __cplusplus
| extern "C"
| #endif
| char puts ();
| int
| main ()
| {
| return puts ();
|   ;
|   return 0;
| }
aconfigure:3725: result: no
aconfigure:3737: checking for puts in -lrt
aconfigure:3772: gcc -o conftest -O2   conftest.c -lrt  -lpthread  >&5
conftest.c:16: warning: conflicting types for built-in function 'puts'
aconfigure:3778: $? = 0
aconfigure:3796: result: yes
aconfigure:3808: checking for puts in -lnsl
aconfigure:3843: gcc -o conftest -O2   conftest.c -lnsl  -lrt -lpthread  >&5
conftest.c:17: warning: conflicting types for built-in function 'puts'
aconfigure:3849: $? = 0
aconfigure:3867: result: yes
aconfigure:3879: checking for uuid_generate in -luuid
aconfigure:3914: gcc -o conftest -O2   conftest.c -luuid  -lnsl -lrt -lpthread  >&5
/usr/bin/ld: cannot find -luuid
collect2: ld returned 1 exit status
aconfigure:3920: $? = 1
aconfigure: failed program was:
| /* confdefs.h.  */
| #define PACKAGE_NAME "pjproject"
| #define PACKAGE_TARNAME "pjproject"
| #define PACKAGE_VERSION "1.x"
| #define PACKAGE_STRING "pjproject 1.x"
| #define PACKAGE_BUGREPORT ""
| #define HAVE_LIBPTHREAD 1
| #define HAVE_LIBRT 1
| #define HAVE_LIBNSL 1
| /* end confdefs.h.  */
| 
| /* Override any GCC internal prototype to avoid an error.
|    Use char because int might match the return type of a GCC
|    builtin and then its argument prototype would still apply.  */
| #ifdef __cplusplus
| extern "C"
| #endif
| char uuid_generate ();
| int
| main ()
| {
| return uuid_generate ();
|   ;
|   return 0;
| }
aconfigure:3938: result: no
aconfigure:3949: checking for uuid_generate in -luuid
aconfigure:4008: result: no
aconfigure:4015: result: Setting PJ_M_NAME to i686
aconfigure:4022: checking memory alignment
aconfigure:4038: result: 4 bytes (default)
aconfigure:4049: checking how to run the C preprocessor
aconfigure:4089: gcc -E  conftest.c
aconfigure:4095: $? = 0
aconfigure:4126: gcc -E  conftest.c
conftest.c:13:28: error: ac_nonexistent.h: No such file or directory
aconfigure:4132: $? = 1
aconfigure: failed program was:
| /* confdefs.h.  */
| #define PACKAGE_NAME "pjproject"
| #define PACKAGE_TARNAME "pjproject"
| #define PACKAGE_VERSION "1.x"
| #define PACKAGE_STRING "pjproject 1.x"
| #define PACKAGE_BUGREPORT ""
| #define HAVE_LIBPTHREAD 1
| #define HAVE_LIBRT 1
| #define HAVE_LIBNSL 1
| #define PJ_M_NAME "i686"
| #define PJ_POOL_ALIGNMENT 4
| /* end confdefs.h.  */
| #include <ac_nonexistent.h>
aconfigure:4165: result: gcc -E
aconfigure:4194: gcc -E  conftest.c
aconfigure:4200: $? = 0
aconfigure:4231: gcc -E  conftest.c
conftest.c:13:28: error: ac_nonexistent.h: No such file or directory
aconfigure:4237: $? = 1
aconfigure: failed program was:
| /* confdefs.h.  */
| #define PACKAGE_NAME "pjproject"
| #define PACKAGE_TARNAME "pjproject"
| #define PACKAGE_VERSION "1.x"
| #define PACKAGE_STRING "pjproject 1.x"
| #define PACKAGE_BUGREPORT ""
| #define HAVE_LIBPTHREAD 1
| #define HAVE_LIBRT 1
| #define HAVE_LIBNSL 1
| #define PJ_M_NAME "i686"
| #define PJ_POOL_ALIGNMENT 4
| /* end confdefs.h.  */
| #include <ac_nonexistent.h>
aconfigure:4275: checking for grep that handles long lines and -e
aconfigure:4349: result: /bin/grep
aconfigure:4354: checking for egrep
aconfigure:4432: result: /bin/grep -E
aconfigure:4437: checking for ANSI C header files
aconfigure:4467: gcc -c -O2  conftest.c >&5
aconfigure:4473: $? = 0
aconfigure:4572: gcc -o conftest -O2   conftest.c -lnsl -lrt -lpthread  >&5
aconfigure:4575: $? = 0
aconfigure:4581: ./conftest
aconfigure:4584: $? = 0
aconfigure:4601: result: yes
aconfigure:4625: checking for sys/types.h
aconfigure:4646: gcc -c -O2  conftest.c >&5
aconfigure:4652: $? = 0
aconfigure:4668: result: yes
aconfigure:4625: checking for sys/stat.h
aconfigure:4646: gcc -c -O2  conftest.c >&5
aconfigure:4652: $? = 0
aconfigure:4668: result: yes
aconfigure:4625: checking for stdlib.h
aconfigure:4646: gcc -c -O2  conftest.c >&5
aconfigure:4652: $? = 0
aconfigure:4668: result: yes
aconfigure:4625: checking for string.h
aconfigure:4646: gcc -c -O2  conftest.c >&5
aconfigure:4652: $? = 0
aconfigure:4668: result: yes
aconfigure:4625: checking for memory.h
aconfigure:4646: gcc -c -O2  conftest.c >&5
aconfigure:4652: $? = 0
aconfigure:4668: result: yes
aconfigure:4625: checking for strings.h
aconfigure:4646: gcc -c -O2  conftest.c >&5
aconfigure:4652: $? = 0
aconfigure:4668: result: yes
aconfigure:4625: checking for inttypes.h
aconfigure:4646: gcc -c -O2  conftest.c >&5
aconfigure:4652: $? = 0
aconfigure:4668: result: yes
aconfigure:4625: checking for stdint.h
aconfigure:4646: gcc -c -O2  conftest.c >&5
aconfigure:4652: $? = 0
aconfigure:4668: result: yes
aconfigure:4625: checking for unistd.h
aconfigure:4646: gcc -c -O2  conftest.c >&5
aconfigure:4652: $? = 0
aconfigure:4668: result: yes
aconfigure:4680: checking whether byte ordering is bigendian
aconfigure:4713: gcc -c -O2  conftest.c >&5
aconfigure:4719: $? = 0
aconfigure:4751: gcc -c -O2  conftest.c >&5
conftest.c: In function 'main':
conftest.c:30: error: 'not' undeclared (first use in this function)
conftest.c:30: error: (Each undeclared identifier is reported only once
conftest.c:30: error: for each function it appears in.)
conftest.c:30: error: expected ';' before 'big'
aconfigure:4757: $? = 1
aconfigure: failed program was:
| /* confdefs.h.  */
| #define PACKAGE_NAME "pjproject"
| #define PACKAGE_TARNAME "pjproject"
| #define PACKAGE_VERSION "1.x"
| #define PACKAGE_STRING "pjproject 1.x"
| #define PACKAGE_BUGREPORT ""
| #define HAVE_LIBPTHREAD 1
| #define HAVE_LIBRT 1
| #define HAVE_LIBNSL 1
| #define PJ_M_NAME "i686"
| #define PJ_POOL_ALIGNMENT 4
| #define STDC_HEADERS 1
| #define HAVE_SYS_TYPES_H 1
| #define HAVE_SYS_STAT_H 1
| #define HAVE_STDLIB_H 1
| #define HAVE_STRING_H 1
| #define HAVE_MEMORY_H 1
| #define HAVE_STRINGS_H 1
| #define HAVE_INTTYPES_H 1
| #define HAVE_STDINT_H 1
| #define HAVE_UNISTD_H 1
| /* end confdefs.h.  */
| #include <sys/types.h>
| #include <sys/param.h>
| 
| int
| main ()
| {
| #if BYTE_ORDER != BIG_ENDIAN
|  not big endian
| #endif
| 
|   ;
|   return 0;
| }
aconfigure:4897: result: no
aconfigure:4979: result: Checking if floating point is disabled... no
aconfigure:4982: checking for fmod in -lm
aconfigure:5017: gcc -o conftest -O2   conftest.c -lm  -lnsl -lrt -lpthread  >&5
conftest.c:32: warning: conflicting types for built-in function 'fmod'
aconfigure:5023: $? = 0
aconfigure:5041: result: yes
aconfigure:5067: checking arpa/inet.h usability
aconfigure:5084: gcc -c -O2  conftest.c >&5
aconfigure:5090: $? = 0
aconfigure:5104: result: yes
aconfigure:5108: checking arpa/inet.h presence
aconfigure:5123: gcc -E  conftest.c
aconfigure:5129: $? = 0
aconfigure:5143: result: yes
aconfigure:5171: checking for arpa/inet.h
aconfigure:5178: result: yes
aconfigure:5200: checking assert.h usability
aconfigure:5217: gcc -c -O2  conftest.c >&5
aconfigure:5223: $? = 0
aconfigure:5237: result: yes
aconfigure:5241: checking assert.h presence
aconfigure:5256: gcc -E  conftest.c
aconfigure:5262: $? = 0
aconfigure:5276: result: yes
aconfigure:5304: checking for assert.h
aconfigure:5311: result: yes
aconfigure:5333: checking ctype.h usability
aconfigure:5350: gcc -c -O2  conftest.c >&5
aconfigure:5356: $? = 0
aconfigure:5370: result: yes
aconfigure:5374: checking ctype.h presence
aconfigure:5389: gcc -E  conftest.c
aconfigure:5395: $? = 0
aconfigure:5409: result: yes
aconfigure:5437: checking for ctype.h
aconfigure:5444: result: yes
aconfigure:5475: checking errno.h usability
aconfigure:5492: gcc -c -O2  conftest.c >&5
aconfigure:5498: $? = 0
aconfigure:5512: result: yes
aconfigure:5516: checking errno.h presence
aconfigure:5531: gcc -E  conftest.c
aconfigure:5537: $? = 0
aconfigure:5551: result: yes
aconfigure:5579: checking for errno.h
aconfigure:5586: result: yes
aconfigure:5611: checking fcntl.h usability
aconfigure:5628: gcc -c -O2  conftest.c >&5
aconfigure:5634: $? = 0
aconfigure:5648: result: yes
aconfigure:5652: checking fcntl.h presence
aconfigure:5667: gcc -E  conftest.c
aconfigure:5673: $? = 0
aconfigure:5687: result: yes
aconfigure:5715: checking for fcntl.h
aconfigure:5722: result: yes
aconfigure:5744: checking linux/socket.h usability
aconfigure:5761: gcc -c -O2  conftest.c >&5
aconfigure:5767: $? = 0
aconfigure:5781: result: yes
aconfigure:5785: checking linux/socket.h presence
aconfigure:5800: gcc -E  conftest.c
aconfigure:5806: $? = 0
aconfigure:5820: result: yes
aconfigure:5848: checking for linux/socket.h
aconfigure:5855: result: yes
aconfigure:5877: checking malloc.h usability
aconfigure:5894: gcc -c -O2  conftest.c >&5
aconfigure:5900: $? = 0
aconfigure:5914: result: yes
aconfigure:5918: checking malloc.h presence
aconfigure:5933: gcc -E  conftest.c
aconfigure:5939: $? = 0
aconfigure:5953: result: yes
aconfigure:5981: checking for malloc.h
aconfigure:5988: result: yes
aconfigure:6010: checking netdb.h usability
aconfigure:6027: gcc -c -O2  conftest.c >&5
aconfigure:6033: $? = 0
aconfigure:6047: result: yes
aconfigure:6051: checking netdb.h presence
aconfigure:6066: gcc -E  conftest.c
aconfigure:6072: $? = 0
aconfigure:6086: result: yes
aconfigure:6114: checking for netdb.h
aconfigure:6121: result: yes
aconfigure:6143: checking netinet/in_systm.h usability
aconfigure:6160: gcc -c -O2  conftest.c >&5
aconfigure:6166: $? = 0
aconfigure:6180: result: yes
aconfigure:6184: checking netinet/in_systm.h presence
aconfigure:6199: gcc -E  conftest.c
aconfigure:6205: $? = 0
aconfigure:6219: result: yes
aconfigure:6247: checking for netinet/in_systm.h
aconfigure:6254: result: yes
aconfigure:6276: checking netinet/in.h usability
aconfigure:6293: gcc -c -O2  conftest.c >&5
aconfigure:6299: $? = 0
aconfigure:6313: result: yes
aconfigure:6317: checking netinet/in.h presence
aconfigure:6332: gcc -E  conftest.c
aconfigure:6338: $? = 0
aconfigure:6352: result: yes
aconfigure:6380: checking for netinet/in.h
aconfigure:6387: result: yes
aconfigure:6399: checking for netinet/ip.h
aconfigure:6429: gcc -c -O2  conftest.c >&5
aconfigure:6435: $? = 0
aconfigure:6450: result: yes
aconfigure:6470: checking netinet/tcp.h usability
aconfigure:6487: gcc -c -O2  conftest.c >&5
aconfigure:6493: $? = 0
aconfigure:6507: result: yes
aconfigure:6511: checking netinet/tcp.h presence
aconfigure:6526: gcc -E  conftest.c
aconfigure:6532: $? = 0
aconfigure:6546: result: yes
aconfigure:6574: checking for netinet/tcp.h
aconfigure:6581: result: yes
aconfigure:6603: checking ifaddrs.h usability
aconfigure:6620: gcc -c -O2  conftest.c >&5
aconfigure:6626: $? = 0
aconfigure:6640: result: yes
aconfigure:6644: checking ifaddrs.h presence
aconfigure:6659: gcc -E  conftest.c
aconfigure:6665: $? = 0
aconfigure:6679: result: yes
aconfigure:6707: checking for ifaddrs.h
aconfigure:6714: result: yes
aconfigure:6719: checking for getifaddrs
aconfigure:6775: gcc -o conftest -O2   conftest.c -lm -lnsl -lrt -lpthread  >&5
aconfigure:6781: $? = 0
aconfigure:6798: result: yes
aconfigure:6820: checking semaphore.h usability
aconfigure:6837: gcc -c -O2  conftest.c >&5
aconfigure:6843: $? = 0
aconfigure:6857: result: yes
aconfigure:6861: checking semaphore.h presence
aconfigure:6876: gcc -E  conftest.c
aconfigure:6882: $? = 0
aconfigure:6896: result: yes
aconfigure:6924: checking for semaphore.h
aconfigure:6931: result: yes
aconfigure:6953: checking setjmp.h usability
aconfigure:6970: gcc -c -O2  conftest.c >&5
aconfigure:6976: $? = 0
aconfigure:6990: result: yes
aconfigure:6994: checking setjmp.h presence
aconfigure:7009: gcc -E  conftest.c
aconfigure:7015: $? = 0
aconfigure:7029: result: yes
aconfigure:7057: checking for setjmp.h
aconfigure:7064: result: yes
aconfigure:7086: checking stdarg.h usability
aconfigure:7103: gcc -c -O2  conftest.c >&5
aconfigure:7109: $? = 0
aconfigure:7123: result: yes
aconfigure:7127: checking stdarg.h presence
aconfigure:7142: gcc -E  conftest.c
aconfigure:7148: $? = 0
aconfigure:7162: result: yes
aconfigure:7190: checking for stdarg.h
aconfigure:7197: result: yes
aconfigure:7219: checking stddef.h usability
aconfigure:7236: gcc -c -O2  conftest.c >&5
aconfigure:7242: $? = 0
aconfigure:7256: result: yes
aconfigure:7260: checking stddef.h presence
aconfigure:7275: gcc -E  conftest.c
aconfigure:7281: $? = 0
aconfigure:7295: result: yes
aconfigure:7323: checking for stddef.h
aconfigure:7330: result: yes
aconfigure:7352: checking stdio.h usability
aconfigure:7369: gcc -c -O2  conftest.c >&5
aconfigure:7375: $? = 0
aconfigure:7389: result: yes
aconfigure:7393: checking stdio.h presence
aconfigure:7408: gcc -E  conftest.c
aconfigure:7414: $? = 0
aconfigure:7428: result: yes
aconfigure:7456: checking for stdio.h
aconfigure:7463: result: yes
aconfigure:7476: checking for stdint.h
aconfigure:7481: result: yes
aconfigure:7609: checking for stdlib.h
aconfigure:7614: result: yes
aconfigure:7742: checking for string.h
aconfigure:7747: result: yes
aconfigure:7884: checking sys/ioctl.h usability
aconfigure:7901: gcc -c -O2  conftest.c >&5
aconfigure:7907: $? = 0
aconfigure:7921: result: yes
aconfigure:7925: checking sys/ioctl.h presence
aconfigure:7940: gcc -E  conftest.c
aconfigure:7946: $? = 0
aconfigure:7960: result: yes
aconfigure:7988: checking for sys/ioctl.h
aconfigure:7995: result: yes
aconfigure:8017: checking sys/select.h usability
aconfigure:8034: gcc -c -O2  conftest.c >&5
aconfigure:8040: $? = 0
aconfigure:8054: result: yes
aconfigure:8058: checking sys/select.h presence
aconfigure:8073: gcc -E  conftest.c
aconfigure:8079: $? = 0
aconfigure:8093: result: yes
aconfigure:8121: checking for sys/select.h
aconfigure:8128: result: yes
aconfigure:8150: checking sys/socket.h usability
aconfigure:8167: gcc -c -O2  conftest.c >&5
aconfigure:8173: $? = 0
aconfigure:8187: result: yes
aconfigure:8191: checking sys/socket.h presence
aconfigure:8206: gcc -E  conftest.c
aconfigure:8212: $? = 0
aconfigure:8226: result: yes
aconfigure:8254: checking for sys/socket.h
aconfigure:8261: result: yes
aconfigure:8283: checking sys/time.h usability
aconfigure:8300: gcc -c -O2  conftest.c >&5
aconfigure:8306: $? = 0
aconfigure:8320: result: yes
aconfigure:8324: checking sys/time.h presence
aconfigure:8339: gcc -E  conftest.c
aconfigure:8345: $? = 0
aconfigure:8359: result: yes
aconfigure:8387: checking for sys/time.h
aconfigure:8394: result: yes
aconfigure:8416: checking sys/timeb.h usability
aconfigure:8433: gcc -c -O2  conftest.c >&5
aconfigure:8439: $? = 0
aconfigure:8453: result: yes
aconfigure:8457: checking sys/timeb.h presence
aconfigure:8472: gcc -E  conftest.c
aconfigure:8478: $? = 0
aconfigure:8492: result: yes
aconfigure:8520: checking for sys/timeb.h
aconfigure:8527: result: yes
aconfigure:8540: checking for sys/types.h
aconfigure:8545: result: yes
aconfigure:8682: checking sys/filio.h usability
aconfigure:8699: gcc -c -O2  conftest.c >&5
conftest.c:86:23: error: sys/filio.h: No such file or directory
aconfigure:8705: $? = 1
aconfigure: failed program was:
| /* confdefs.h.  */
| #define PACKAGE_NAME "pjproject"
| #define PACKAGE_TARNAME "pjproject"
| #define PACKAGE_VERSION "1.x"
| #define PACKAGE_STRING "pjproject 1.x"
| #define PACKAGE_BUGREPORT ""
| #define HAVE_LIBPTHREAD 1
| #define HAVE_LIBRT 1
| #define HAVE_LIBNSL 1
| #define PJ_M_NAME "i686"
| #define PJ_POOL_ALIGNMENT 4
| #define STDC_HEADERS 1
| #define HAVE_SYS_TYPES_H 1
| #define HAVE_SYS_STAT_H 1
| #define HAVE_STDLIB_H 1
| #define HAVE_STRING_H 1
| #define HAVE_MEMORY_H 1
| #define HAVE_STRINGS_H 1
| #define HAVE_INTTYPES_H 1
| #define HAVE_STDINT_H 1
| #define HAVE_UNISTD_H 1
| #define PJ_LINUX 1
| #define PJ_HAS_FLOATING_POINT 1
| #define HAVE_LIBM 1
| #define PJ_HAS_ARPA_INET_H 1
| #define PJ_HAS_ASSERT_H 1
| #define PJ_HAS_CTYPE_H 1
| #define PJ_HAS_ERRNO_H 1
| #define PJ_HAS_FCNTL_H 1
| #define PJ_HAS_LINUX_SOCKET_H 1
| #define PJ_HAS_MALLOC_H 1
| #define PJ_HAS_NETDB_H 1
| #define PJ_HAS_NETINET_IN_SYSTM_H 1
| #define PJ_HAS_NETINET_IN_H 1
| #define PJ_HAS_NETINET_IP_H 1
| #define PJ_HAS_NETINET_TCP_H 1
| #define PJ_HAS_IFADDRS_H 1
| #define PJ_HAS_SEMAPHORE_H 1
| #define PJ_HAS_SETJMP_H 1
| #define PJ_HAS_STDARG_H 1
| #define PJ_HAS_STDDEF_H 1
| #define PJ_HAS_STDIO_H 1
| #define PJ_HAS_STDINT_H 1
| #define PJ_HAS_STDLIB_H 1
| #define PJ_HAS_STRING_H 1
| #define PJ_HAS_SYS_IOCTL_H 1
| #define PJ_HAS_SYS_SELECT_H 1
| #define PJ_HAS_SYS_SOCKET_H 1
| #define PJ_HAS_SYS_TIME_H 1
| #define PJ_HAS_SYS_TIMEB_H 1
| #define PJ_HAS_SYS_TYPES_H 1
| /* end confdefs.h.  */
| #include <stdio.h>
| #ifdef HAVE_SYS_TYPES_H
| # include <sys/types.h>
| #endif
| #ifdef HAVE_SYS_STAT_H
| # include <sys/stat.h>
| #endif
| #ifdef STDC_HEADERS
| # include <stdlib.h>
| # include <stddef.h>
| #else
| # ifdef HAVE_STDLIB_H
| #  include <stdlib.h>
| # endif
| #endif
| #ifdef HAVE_STRING_H
| # if !defined STDC_HEADERS && defined HAVE_MEMORY_H
| #  include <memory.h>
| # endif
| # include <string.h>
| #endif
| #ifdef HAVE_STRINGS_H
| # include <strings.h>
| #endif
| #ifdef HAVE_INTTYPES_H
| # include <inttypes.h>
| #endif
| #ifdef HAVE_STDINT_H
| # include <stdint.h>
| #endif
| #ifdef HAVE_UNISTD_H
| # include <unistd.h>
| #endif
| #include <sys/filio.h>
aconfigure:8719: result: no
aconfigure:8723: checking sys/filio.h presence
aconfigure:8738: gcc -E  conftest.c
conftest.c:53:23: error: sys/filio.h: No such file or directory
aconfigure:8744: $? = 1
aconfigure: failed program was:
| /* confdefs.h.  */
| #define PACKAGE_NAME "pjproject"
| #define PACKAGE_TARNAME "pjproject"
| #define PACKAGE_VERSION "1.x"
| #define PACKAGE_STRING "pjproject 1.x"
| #define PACKAGE_BUGREPORT ""
| #define HAVE_LIBPTHREAD 1
| #define HAVE_LIBRT 1
| #define HAVE_LIBNSL 1
| #define PJ_M_NAME "i686"
| #define PJ_POOL_ALIGNMENT 4
| #define STDC_HEADERS 1
| #define HAVE_SYS_TYPES_H 1
| #define HAVE_SYS_STAT_H 1
| #define HAVE_STDLIB_H 1
| #define HAVE_STRING_H 1
| #define HAVE_MEMORY_H 1
| #define HAVE_STRINGS_H 1
| #define HAVE_INTTYPES_H 1
| #define HAVE_STDINT_H 1
| #define HAVE_UNISTD_H 1
| #define PJ_LINUX 1
| #define PJ_HAS_FLOATING_POINT 1
| #define HAVE_LIBM 1
| #define PJ_HAS_ARPA_INET_H 1
| #define PJ_HAS_ASSERT_H 1
| #define PJ_HAS_CTYPE_H 1
| #define PJ_HAS_ERRNO_H 1
| #define PJ_HAS_FCNTL_H 1
| #define PJ_HAS_LINUX_SOCKET_H 1
| #define PJ_HAS_MALLOC_H 1
| #define PJ_HAS_NETDB_H 1
| #define PJ_HAS_NETINET_IN_SYSTM_H 1
| #define PJ_HAS_NETINET_IN_H 1
| #define PJ_HAS_NETINET_IP_H 1
| #define PJ_HAS_NETINET_TCP_H 1
| #define PJ_HAS_IFADDRS_H 1
| #define PJ_HAS_SEMAPHORE_H 1
| #define PJ_HAS_SETJMP_H 1
| #define PJ_HAS_STDARG_H 1
| #define PJ_HAS_STDDEF_H 1
| #define PJ_HAS_STDIO_H 1
| #define PJ_HAS_STDINT_H 1
| #define PJ_HAS_STDLIB_H 1
| #define PJ_HAS_STRING_H 1
| #define PJ_HAS_SYS_IOCTL_H 1
| #define PJ_HAS_SYS_SELECT_H 1
| #define PJ_HAS_SYS_SOCKET_H 1
| #define PJ_HAS_SYS_TIME_H 1
| #define PJ_HAS_SYS_TIMEB_H 1
| #define PJ_HAS_SYS_TYPES_H 1
| /* end confdefs.h.  */
| #include <sys/filio.h>
aconfigure:8758: result: no
aconfigure:8786: checking for sys/filio.h
aconfigure:8793: result: no
aconfigure:8815: checking sys/sockio.h usability
aconfigure:8832: gcc -c -O2  conftest.c >&5
conftest.c:86:24: error: sys/sockio.h: No such file or directory
aconfigure:8838: $? = 1
aconfigure: failed program was:
| /* confdefs.h.  */
| #define PACKAGE_NAME "pjproject"
| #define PACKAGE_TARNAME "pjproject"
| #define PACKAGE_VERSION "1.x"
| #define PACKAGE_STRING "pjproject 1.x"
| #define PACKAGE_BUGREPORT ""
| #define HAVE_LIBPTHREAD 1
| #define HAVE_LIBRT 1
| #define HAVE_LIBNSL 1
| #define PJ_M_NAME "i686"
| #define PJ_POOL_ALIGNMENT 4
| #define STDC_HEADERS 1
| #define HAVE_SYS_TYPES_H 1
| #define HAVE_SYS_STAT_H 1
| #define HAVE_STDLIB_H 1
| #define HAVE_STRING_H 1
| #define HAVE_MEMORY_H 1
| #define HAVE_STRINGS_H 1
| #define HAVE_INTTYPES_H 1
| #define HAVE_STDINT_H 1
| #define HAVE_UNISTD_H 1
| #define PJ_LINUX 1
| #define PJ_HAS_FLOATING_POINT 1
| #define HAVE_LIBM 1
| #define PJ_HAS_ARPA_INET_H 1
| #define PJ_HAS_ASSERT_H 1
| #define PJ_HAS_CTYPE_H 1
| #define PJ_HAS_ERRNO_H 1
| #define PJ_HAS_FCNTL_H 1
| #define PJ_HAS_LINUX_SOCKET_H 1
| #define PJ_HAS_MALLOC_H 1
| #define PJ_HAS_NETDB_H 1
| #define PJ_HAS_NETINET_IN_SYSTM_H 1
| #define PJ_HAS_NETINET_IN_H 1
| #define PJ_HAS_NETINET_IP_H 1
| #define PJ_HAS_NETINET_TCP_H 1
| #define PJ_HAS_IFADDRS_H 1
| #define PJ_HAS_SEMAPHORE_H 1
| #define PJ_HAS_SETJMP_H 1
| #define PJ_HAS_STDARG_H 1
| #define PJ_HAS_STDDEF_H 1
| #define PJ_HAS_STDIO_H 1
| #define PJ_HAS_STDINT_H 1
| #define PJ_HAS_STDLIB_H 1
| #define PJ_HAS_STRING_H 1
| #define PJ_HAS_SYS_IOCTL_H 1
| #define PJ_HAS_SYS_SELECT_H 1
| #define PJ_HAS_SYS_SOCKET_H 1
| #define PJ_HAS_SYS_TIME_H 1
| #define PJ_HAS_SYS_TIMEB_H 1
| #define PJ_HAS_SYS_TYPES_H 1
| /* end confdefs.h.  */
| #include <stdio.h>
| #ifdef HAVE_SYS_TYPES_H
| # include <sys/types.h>
| #endif
| #ifdef HAVE_SYS_STAT_H
| # include <sys/stat.h>
| #endif
| #ifdef STDC_HEADERS
| # include <stdlib.h>
| # include <stddef.h>
| #else
| # ifdef HAVE_STDLIB_H
| #  include <stdlib.h>
| # endif
| #endif
| #ifdef HAVE_STRING_H
| # if !defined STDC_HEADERS && defined HAVE_MEMORY_H
| #  include <memory.h>
| # endif
| # include <string.h>
| #endif
| #ifdef HAVE_STRINGS_H
| # include <strings.h>
| #endif
| #ifdef HAVE_INTTYPES_H
| # include <inttypes.h>
| #endif
| #ifdef HAVE_STDINT_H
| # include <stdint.h>
| #endif
| #ifdef HAVE_UNISTD_H
| # include <unistd.h>
| #endif
| #include <sys/sockio.h>
aconfigure:8852: result: no
aconfigure:8856: checking sys/sockio.h presence
aconfigure:8871: gcc -E  conftest.c
conftest.c:53:24: error: sys/sockio.h: No such file or directory
aconfigure:8877: $? = 1
aconfigure: failed program was:
| /* confdefs.h.  */
| #define PACKAGE_NAME "pjproject"
| #define PACKAGE_TARNAME "pjproject"
| #define PACKAGE_VERSION "1.x"
| #define PACKAGE_STRING "pjproject 1.x"
| #define PACKAGE_BUGREPORT ""
| #define HAVE_LIBPTHREAD 1
| #define HAVE_LIBRT 1
| #define HAVE_LIBNSL 1
| #define PJ_M_NAME "i686"
| #define PJ_POOL_ALIGNMENT 4
| #define STDC_HEADERS 1
| #define HAVE_SYS_TYPES_H 1
| #define HAVE_SYS_STAT_H 1
| #define HAVE_STDLIB_H 1
| #define HAVE_STRING_H 1
| #define HAVE_MEMORY_H 1
| #define HAVE_STRINGS_H 1
| #define HAVE_INTTYPES_H 1
| #define HAVE_STDINT_H 1
| #define HAVE_UNISTD_H 1
| #define PJ_LINUX 1
| #define PJ_HAS_FLOATING_POINT 1
| #define HAVE_LIBM 1
| #define PJ_HAS_ARPA_INET_H 1
| #define PJ_HAS_ASSERT_H 1
| #define PJ_HAS_CTYPE_H 1
| #define PJ_HAS_ERRNO_H 1
| #define PJ_HAS_FCNTL_H 1
| #define PJ_HAS_LINUX_SOCKET_H 1
| #define PJ_HAS_MALLOC_H 1
| #define PJ_HAS_NETDB_H 1
| #define PJ_HAS_NETINET_IN_SYSTM_H 1
| #define PJ_HAS_NETINET_IN_H 1
| #define PJ_HAS_NETINET_IP_H 1
| #define PJ_HAS_NETINET_TCP_H 1
| #define PJ_HAS_IFADDRS_H 1
| #define PJ_HAS_SEMAPHORE_H 1
| #define PJ_HAS_SETJMP_H 1
| #define PJ_HAS_STDARG_H 1
| #define PJ_HAS_STDDEF_H 1
| #define PJ_HAS_STDIO_H 1
| #define PJ_HAS_STDINT_H 1
| #define PJ_HAS_STDLIB_H 1
| #define PJ_HAS_STRING_H 1
| #define PJ_HAS_SYS_IOCTL_H 1
| #define PJ_HAS_SYS_SELECT_H 1
| #define PJ_HAS_SYS_SOCKET_H 1
| #define PJ_HAS_SYS_TIME_H 1
| #define PJ_HAS_SYS_TIMEB_H 1
| #define PJ_HAS_SYS_TYPES_H 1
| /* end confdefs.h.  */
| #include <sys/sockio.h>
aconfigure:8891: result: no
aconfigure:8919: checking for sys/sockio.h
aconfigure:8926: result: no
aconfigure:8948: checking time.h usability
aconfigure:8965: gcc -c -O2  conftest.c >&5
aconfigure:8971: $? = 0
aconfigure:8985: result: yes
aconfigure:8989: checking time.h presence
aconfigure:9004: gcc -E  conftest.c
aconfigure:9010: $? = 0
aconfigure:9024: result: yes
aconfigure:9052: checking for time.h
aconfigure:9059: result: yes
aconfigure:9072: checking for unistd.h
aconfigure:9077: result: yes
aconfigure:9214: checking winsock.h usability
aconfigure:9231: gcc -c -O2  conftest.c >&5
conftest.c:88:21: error: winsock.h: No such file or directory
aconfigure:9237: $? = 1
aconfigure: failed program was:
| /* confdefs.h.  */
| #define PACKAGE_NAME "pjproject"
| #define PACKAGE_TARNAME "pjproject"
| #define PACKAGE_VERSION "1.x"
| #define PACKAGE_STRING "pjproject 1.x"
| #define PACKAGE_BUGREPORT ""
| #define HAVE_LIBPTHREAD 1
| #define HAVE_LIBRT 1
| #define HAVE_LIBNSL 1
| #define PJ_M_NAME "i686"
| #define PJ_POOL_ALIGNMENT 4
| #define STDC_HEADERS 1
| #define HAVE_SYS_TYPES_H 1
| #define HAVE_SYS_STAT_H 1
| #define HAVE_STDLIB_H 1
| #define HAVE_STRING_H 1
| #define HAVE_MEMORY_H 1
| #define HAVE_STRINGS_H 1
| #define HAVE_INTTYPES_H 1
| #define HAVE_STDINT_H 1
| #define HAVE_UNISTD_H 1
| #define PJ_LINUX 1
| #define PJ_HAS_FLOATING_POINT 1
| #define HAVE_LIBM 1
| #define PJ_HAS_ARPA_INET_H 1
| #define PJ_HAS_ASSERT_H 1
| #define PJ_HAS_CTYPE_H 1
| #define PJ_HAS_ERRNO_H 1
| #define PJ_HAS_FCNTL_H 1
| #define PJ_HAS_LINUX_SOCKET_H 1
| #define PJ_HAS_MALLOC_H 1
| #define PJ_HAS_NETDB_H 1
| #define PJ_HAS_NETINET_IN_SYSTM_H 1
| #define PJ_HAS_NETINET_IN_H 1
| #define PJ_HAS_NETINET_IP_H 1
| #define PJ_HAS_NETINET_TCP_H 1
| #define PJ_HAS_IFADDRS_H 1
| #define PJ_HAS_SEMAPHORE_H 1
| #define PJ_HAS_SETJMP_H 1
| #define PJ_HAS_STDARG_H 1
| #define PJ_HAS_STDDEF_H 1
| #define PJ_HAS_STDIO_H 1
| #define PJ_HAS_STDINT_H 1
| #define PJ_HAS_STDLIB_H 1
| #define PJ_HAS_STRING_H 1
| #define PJ_HAS_SYS_IOCTL_H 1
| #define PJ_HAS_SYS_SELECT_H 1
| #define PJ_HAS_SYS_SOCKET_H 1
| #define PJ_HAS_SYS_TIME_H 1
| #define PJ_HAS_SYS_TIMEB_H 1
| #define PJ_HAS_SYS_TYPES_H 1
| #define PJ_HAS_TIME_H 1
| #define PJ_HAS_UNISTD_H 1
| /* end confdefs.h.  */
| #include <stdio.h>
| #ifdef HAVE_SYS_TYPES_H
| # include <sys/types.h>
| #endif
| #ifdef HAVE_SYS_STAT_H
| # include <sys/stat.h>
| #endif
| #ifdef STDC_HEADERS
| # include <stdlib.h>
| # include <stddef.h>
| #else
| # ifdef HAVE_STDLIB_H
| #  include <stdlib.h>
| # endif
| #endif
| #ifdef HAVE_STRING_H
| # if !defined STDC_HEADERS && defined HAVE_MEMORY_H
| #  include <memory.h>
| # endif
| # include <string.h>
| #endif
| #ifdef HAVE_STRINGS_H
| # include <strings.h>
| #endif
| #ifdef HAVE_INTTYPES_H
| # include <inttypes.h>
| #endif
| #ifdef HAVE_STDINT_H
| # include <stdint.h>
| #endif
| #ifdef HAVE_UNISTD_H
| # include <unistd.h>
| #endif
| #include <winsock.h>
aconfigure:9251: result: no
aconfigure:9255: checking winsock.h presence
aconfigure:9270: gcc -E  conftest.c
conftest.c:55:21: error: winsock.h: No such file or directory
aconfigure:9276: $? = 1
aconfigure: failed program was:
| /* confdefs.h.  */
| #define PACKAGE_NAME "pjproject"
| #define PACKAGE_TARNAME "pjproject"
| #define PACKAGE_VERSION "1.x"
| #define PACKAGE_STRING "pjproject 1.x"
| #define PACKAGE_BUGREPORT ""
| #define HAVE_LIBPTHREAD 1
| #define HAVE_LIBRT 1
| #define HAVE_LIBNSL 1
| #define PJ_M_NAME "i686"
| #define PJ_POOL_ALIGNMENT 4
| #define STDC_HEADERS 1
| #define HAVE_SYS_TYPES_H 1
| #define HAVE_SYS_STAT_H 1
| #define HAVE_STDLIB_H 1
| #define HAVE_STRING_H 1
| #define HAVE_MEMORY_H 1
| #define HAVE_STRINGS_H 1
| #define HAVE_INTTYPES_H 1
| #define HAVE_STDINT_H 1
| #define HAVE_UNISTD_H 1
| #define PJ_LINUX 1
| #define PJ_HAS_FLOATING_POINT 1
| #define HAVE_LIBM 1
| #define PJ_HAS_ARPA_INET_H 1
| #define PJ_HAS_ASSERT_H 1
| #define PJ_HAS_CTYPE_H 1
| #define PJ_HAS_ERRNO_H 1
| #define PJ_HAS_FCNTL_H 1
| #define PJ_HAS_LINUX_SOCKET_H 1
| #define PJ_HAS_MALLOC_H 1
| #define PJ_HAS_NETDB_H 1
| #define PJ_HAS_NETINET_IN_SYSTM_H 1
| #define PJ_HAS_NETINET_IN_H 1
| #define PJ_HAS_NETINET_IP_H 1
| #define PJ_HAS_NETINET_TCP_H 1
| #define PJ_HAS_IFADDRS_H 1
| #define PJ_HAS_SEMAPHORE_H 1
| #define PJ_HAS_SETJMP_H 1
| #define PJ_HAS_STDARG_H 1
| #define PJ_HAS_STDDEF_H 1
| #define PJ_HAS_STDIO_H 1
| #define PJ_HAS_STDINT_H 1
| #define PJ_HAS_STDLIB_H 1
| #define PJ_HAS_STRING_H 1
| #define PJ_HAS_SYS_IOCTL_H 1
| #define PJ_HAS_SYS_SELECT_H 1
| #define PJ_HAS_SYS_SOCKET_H 1
| #define PJ_HAS_SYS_TIME_H 1
| #define PJ_HAS_SYS_TIMEB_H 1
| #define PJ_HAS_SYS_TYPES_H 1
| #define PJ_HAS_TIME_H 1
| #define PJ_HAS_UNISTD_H 1
| /* end confdefs.h.  */
| #include <winsock.h>
aconfigure:9290: result: no
aconfigure:9318: checking for winsock.h
aconfigure:9325: result: no
aconfigure:9347: checking winsock2.h usability
aconfigure:9364: gcc -c -O2  conftest.c >&5
conftest.c:88:22: error: winsock2.h: No such file or directory
aconfigure:9370: $? = 1
aconfigure: failed program was:
| /* confdefs.h.  */
| #define PACKAGE_NAME "pjproject"
| #define PACKAGE_TARNAME "pjproject"
| #define PACKAGE_VERSION "1.x"
| #define PACKAGE_STRING "pjproject 1.x"
| #define PACKAGE_BUGREPORT ""
| #define HAVE_LIBPTHREAD 1
| #define HAVE_LIBRT 1
| #define HAVE_LIBNSL 1
| #define PJ_M_NAME "i686"
| #define PJ_POOL_ALIGNMENT 4
| #define STDC_HEADERS 1
| #define HAVE_SYS_TYPES_H 1
| #define HAVE_SYS_STAT_H 1
| #define HAVE_STDLIB_H 1
| #define HAVE_STRING_H 1
| #define HAVE_MEMORY_H 1
| #define HAVE_STRINGS_H 1
| #define HAVE_INTTYPES_H 1
| #define HAVE_STDINT_H 1
| #define HAVE_UNISTD_H 1
| #define PJ_LINUX 1
| #define PJ_HAS_FLOATING_POINT 1
| #define HAVE_LIBM 1
| #define PJ_HAS_ARPA_INET_H 1
| #define PJ_HAS_ASSERT_H 1
| #define PJ_HAS_CTYPE_H 1
| #define PJ_HAS_ERRNO_H 1
| #define PJ_HAS_FCNTL_H 1
| #define PJ_HAS_LINUX_SOCKET_H 1
| #define PJ_HAS_MALLOC_H 1
| #define PJ_HAS_NETDB_H 1
| #define PJ_HAS_NETINET_IN_SYSTM_H 1
| #define PJ_HAS_NETINET_IN_H 1
| #define PJ_HAS_NETINET_IP_H 1
| #define PJ_HAS_NETINET_TCP_H 1
| #define PJ_HAS_IFADDRS_H 1
| #define PJ_HAS_SEMAPHORE_H 1
| #define PJ_HAS_SETJMP_H 1
| #define PJ_HAS_STDARG_H 1
| #define PJ_HAS_STDDEF_H 1
| #define PJ_HAS_STDIO_H 1
| #define PJ_HAS_STDINT_H 1
| #define PJ_HAS_STDLIB_H 1
| #define PJ_HAS_STRING_H 1
| #define PJ_HAS_SYS_IOCTL_H 1
| #define PJ_HAS_SYS_SELECT_H 1
| #define PJ_HAS_SYS_SOCKET_H 1
| #define PJ_HAS_SYS_TIME_H 1
| #define PJ_HAS_SYS_TIMEB_H 1
| #define PJ_HAS_SYS_TYPES_H 1
| #define PJ_HAS_TIME_H 1
| #define PJ_HAS_UNISTD_H 1
| /* end confdefs.h.  */
| #include <stdio.h>
| #ifdef HAVE_SYS_TYPES_H
| # include <sys/types.h>
| #endif
| #ifdef HAVE_SYS_STAT_H
| # include <sys/stat.h>
| #endif
| #ifdef STDC_HEADERS
| # include <stdlib.h>
| # include <stddef.h>
| #else
| # ifdef HAVE_STDLIB_H
| #  include <stdlib.h>
| # endif
| #endif
| #ifdef HAVE_STRING_H
| # if !defined STDC_HEADERS && defined HAVE_MEMORY_H
| #  include <memory.h>
| # endif
| # include <string.h>
| #endif
| #ifdef HAVE_STRINGS_H
| # include <strings.h>
| #endif
| #ifdef HAVE_INTTYPES_H
| # include <inttypes.h>
| #endif
| #ifdef HAVE_STDINT_H
| # include <stdint.h>
| #endif
| #ifdef HAVE_UNISTD_H
| # include <unistd.h>
| #endif
| #include <winsock2.h>
aconfigure:9384: result: no
aconfigure:9388: checking winsock2.h presence
aconfigure:9403: gcc -E  conftest.c
conftest.c:55:22: error: winsock2.h: No such file or directory
aconfigure:9409: $? = 1
aconfigure: failed program was:
| /* confdefs.h.  */
| #define PACKAGE_NAME "pjproject"
| #define PACKAGE_TARNAME "pjproject"
| #define PACKAGE_VERSION "1.x"
| #define PACKAGE_STRING "pjproject 1.x"
| #define PACKAGE_BUGREPORT ""
| #define HAVE_LIBPTHREAD 1
| #define HAVE_LIBRT 1
| #define HAVE_LIBNSL 1
| #define PJ_M_NAME "i686"
| #define PJ_POOL_ALIGNMENT 4
| #define STDC_HEADERS 1
| #define HAVE_SYS_TYPES_H 1
| #define HAVE_SYS_STAT_H 1
| #define HAVE_STDLIB_H 1
| #define HAVE_STRING_H 1
| #define HAVE_MEMORY_H 1
| #define HAVE_STRINGS_H 1
| #define HAVE_INTTYPES_H 1
| #define HAVE_STDINT_H 1
| #define HAVE_UNISTD_H 1
| #define PJ_LINUX 1
| #define PJ_HAS_FLOATING_POINT 1
| #define HAVE_LIBM 1
| #define PJ_HAS_ARPA_INET_H 1
| #define PJ_HAS_ASSERT_H 1
| #define PJ_HAS_CTYPE_H 1
| #define PJ_HAS_ERRNO_H 1
| #define PJ_HAS_FCNTL_H 1
| #define PJ_HAS_LINUX_SOCKET_H 1
| #define PJ_HAS_MALLOC_H 1
| #define PJ_HAS_NETDB_H 1
| #define PJ_HAS_NETINET_IN_SYSTM_H 1
| #define PJ_HAS_NETINET_IN_H 1
| #define PJ_HAS_NETINET_IP_H 1
| #define PJ_HAS_NETINET_TCP_H 1
| #define PJ_HAS_IFADDRS_H 1
| #define PJ_HAS_SEMAPHORE_H 1
| #define PJ_HAS_SETJMP_H 1
| #define PJ_HAS_STDARG_H 1
| #define PJ_HAS_STDDEF_H 1
| #define PJ_HAS_STDIO_H 1
| #define PJ_HAS_STDINT_H 1
| #define PJ_HAS_STDLIB_H 1
| #define PJ_HAS_STRING_H 1
| #define PJ_HAS_SYS_IOCTL_H 1
| #define PJ_HAS_SYS_SELECT_H 1
| #define PJ_HAS_SYS_SOCKET_H 1
| #define PJ_HAS_SYS_TIME_H 1
| #define PJ_HAS_SYS_TIMEB_H 1
| #define PJ_HAS_SYS_TYPES_H 1
| #define PJ_HAS_TIME_H 1
| #define PJ_HAS_UNISTD_H 1
| /* end confdefs.h.  */
| #include <winsock2.h>
aconfigure:9423: result: no
aconfigure:9451: checking for winsock2.h
aconfigure:9458: result: no
aconfigure:9470: checking for mswsock.h
aconfigure:9496: gcc -c -O2  conftest.c >&5
conftest.c:62:21: error: mswsock.h: No such file or directory
aconfigure:9502: $? = 1
aconfigure: failed program was:
| /* confdefs.h.  */
| #define PACKAGE_NAME "pjproject"
| #define PACKAGE_TARNAME "pjproject"
| #define PACKAGE_VERSION "1.x"
| #define PACKAGE_STRING "pjproject 1.x"
| #define PACKAGE_BUGREPORT ""
| #define HAVE_LIBPTHREAD 1
| #define HAVE_LIBRT 1
| #define HAVE_LIBNSL 1
| #define PJ_M_NAME "i686"
| #define PJ_POOL_ALIGNMENT 4
| #define STDC_HEADERS 1
| #define HAVE_SYS_TYPES_H 1
| #define HAVE_SYS_STAT_H 1
| #define HAVE_STDLIB_H 1
| #define HAVE_STRING_H 1
| #define HAVE_MEMORY_H 1
| #define HAVE_STRINGS_H 1
| #define HAVE_INTTYPES_H 1
| #define HAVE_STDINT_H 1
| #define HAVE_UNISTD_H 1
| #define PJ_LINUX 1
| #define PJ_HAS_FLOATING_POINT 1
| #define HAVE_LIBM 1
| #define PJ_HAS_ARPA_INET_H 1
| #define PJ_HAS_ASSERT_H 1
| #define PJ_HAS_CTYPE_H 1
| #define PJ_HAS_ERRNO_H 1
| #define PJ_HAS_FCNTL_H 1
| #define PJ_HAS_LINUX_SOCKET_H 1
| #define PJ_HAS_MALLOC_H 1
| #define PJ_HAS_NETDB_H 1
| #define PJ_HAS_NETINET_IN_SYSTM_H 1
| #define PJ_HAS_NETINET_IN_H 1
| #define PJ_HAS_NETINET_IP_H 1
| #define PJ_HAS_NETINET_TCP_H 1
| #define PJ_HAS_IFADDRS_H 1
| #define PJ_HAS_SEMAPHORE_H 1
| #define PJ_HAS_SETJMP_H 1
| #define PJ_HAS_STDARG_H 1
| #define PJ_HAS_STDDEF_H 1
| #define PJ_HAS_STDIO_H 1
| #define PJ_HAS_STDINT_H 1
| #define PJ_HAS_STDLIB_H 1
| #define PJ_HAS_STRING_H 1
| #define PJ_HAS_SYS_IOCTL_H 1
| #define PJ_HAS_SYS_SELECT_H 1
| #define PJ_HAS_SYS_SOCKET_H 1
| #define PJ_HAS_SYS_TIME_H 1
| #define PJ_HAS_SYS_TIMEB_H 1
| #define PJ_HAS_SYS_TYPES_H 1
| #define PJ_HAS_TIME_H 1
| #define PJ_HAS_UNISTD_H 1
| /* end confdefs.h.  */
| #if PJ_HAS_WINSOCK2_H
|           	  #	include <winsock2.h>
| 		  #elif PJ_HAS_WINSOCK_H
|           	  #	include <winsock.h>
|           	  #endif
| 
| 
| #include <mswsock.h>
aconfigure:9517: result: no
aconfigure:9537: checking ws2tcpip.h usability
aconfigure:9554: gcc -c -O2  conftest.c >&5
conftest.c:88:22: error: ws2tcpip.h: No such file or directory
aconfigure:9560: $? = 1
aconfigure: failed program was:
| /* confdefs.h.  */
| #define PACKAGE_NAME "pjproject"
| #define PACKAGE_TARNAME "pjproject"
| #define PACKAGE_VERSION "1.x"
| #define PACKAGE_STRING "pjproject 1.x"
| #define PACKAGE_BUGREPORT ""
| #define HAVE_LIBPTHREAD 1
| #define HAVE_LIBRT 1
| #define HAVE_LIBNSL 1
| #define PJ_M_NAME "i686"
| #define PJ_POOL_ALIGNMENT 4
| #define STDC_HEADERS 1
| #define HAVE_SYS_TYPES_H 1
| #define HAVE_SYS_STAT_H 1
| #define HAVE_STDLIB_H 1
| #define HAVE_STRING_H 1
| #define HAVE_MEMORY_H 1
| #define HAVE_STRINGS_H 1
| #define HAVE_INTTYPES_H 1
| #define HAVE_STDINT_H 1
| #define HAVE_UNISTD_H 1
| #define PJ_LINUX 1
| #define PJ_HAS_FLOATING_POINT 1
| #define HAVE_LIBM 1
| #define PJ_HAS_ARPA_INET_H 1
| #define PJ_HAS_ASSERT_H 1
| #define PJ_HAS_CTYPE_H 1
| #define PJ_HAS_ERRNO_H 1
| #define PJ_HAS_FCNTL_H 1
| #define PJ_HAS_LINUX_SOCKET_H 1
| #define PJ_HAS_MALLOC_H 1
| #define PJ_HAS_NETDB_H 1
| #define PJ_HAS_NETINET_IN_SYSTM_H 1
| #define PJ_HAS_NETINET_IN_H 1
| #define PJ_HAS_NETINET_IP_H 1
| #define PJ_HAS_NETINET_TCP_H 1
| #define PJ_HAS_IFADDRS_H 1
| #define PJ_HAS_SEMAPHORE_H 1
| #define PJ_HAS_SETJMP_H 1
| #define PJ_HAS_STDARG_H 1
| #define PJ_HAS_STDDEF_H 1
| #define PJ_HAS_STDIO_H 1
| #define PJ_HAS_STDINT_H 1
| #define PJ_HAS_STDLIB_H 1
| #define PJ_HAS_STRING_H 1
| #define PJ_HAS_SYS_IOCTL_H 1
| #define PJ_HAS_SYS_SELECT_H 1
| #define PJ_HAS_SYS_SOCKET_H 1
| #define PJ_HAS_SYS_TIME_H 1
| #define PJ_HAS_SYS_TIMEB_H 1
| #define PJ_HAS_SYS_TYPES_H 1
| #define PJ_HAS_TIME_H 1
| #define PJ_HAS_UNISTD_H 1
| /* end confdefs.h.  */
| #include <stdio.h>
| #ifdef HAVE_SYS_TYPES_H
| # include <sys/types.h>
| #endif
| #ifdef HAVE_SYS_STAT_H
| # include <sys/stat.h>
| #endif
| #ifdef STDC_HEADERS
| # include <stdlib.h>
| # include <stddef.h>
| #else
| # ifdef HAVE_STDLIB_H
| #  include <stdlib.h>
| # endif
| #endif
| #ifdef HAVE_STRING_H
| # if !defined STDC_HEADERS && defined HAVE_MEMORY_H
| #  include <memory.h>
| # endif
| # include <string.h>
| #endif
| #ifdef HAVE_STRINGS_H
| # include <strings.h>
| #endif
| #ifdef HAVE_INTTYPES_H
| # include <inttypes.h>
| #endif
| #ifdef HAVE_STDINT_H
| # include <stdint.h>
| #endif
| #ifdef HAVE_UNISTD_H
| # include <unistd.h>
| #endif
| #include <ws2tcpip.h>
aconfigure:9574: result: no
aconfigure:9578: checking ws2tcpip.h presence
aconfigure:9593: gcc -E  conftest.c
conftest.c:55:22: error: ws2tcpip.h: No such file or directory
aconfigure:9599: $? = 1
aconfigure: failed program was:
| /* confdefs.h.  */
| #define PACKAGE_NAME "pjproject"
| #define PACKAGE_TARNAME "pjproject"
| #define PACKAGE_VERSION "1.x"
| #define PACKAGE_STRING "pjproject 1.x"
| #define PACKAGE_BUGREPORT ""
| #define HAVE_LIBPTHREAD 1
| #define HAVE_LIBRT 1
| #define HAVE_LIBNSL 1
| #define PJ_M_NAME "i686"
| #define PJ_POOL_ALIGNMENT 4
| #define STDC_HEADERS 1
| #define HAVE_SYS_TYPES_H 1
| #define HAVE_SYS_STAT_H 1
| #define HAVE_STDLIB_H 1
| #define HAVE_STRING_H 1
| #define HAVE_MEMORY_H 1
| #define HAVE_STRINGS_H 1
| #define HAVE_INTTYPES_H 1
| #define HAVE_STDINT_H 1
| #define HAVE_UNISTD_H 1
| #define PJ_LINUX 1
| #define PJ_HAS_FLOATING_POINT 1
| #define HAVE_LIBM 1
| #define PJ_HAS_ARPA_INET_H 1
| #define PJ_HAS_ASSERT_H 1
| #define PJ_HAS_CTYPE_H 1
| #define PJ_HAS_ERRNO_H 1
| #define PJ_HAS_FCNTL_H 1
| #define PJ_HAS_LINUX_SOCKET_H 1
| #define PJ_HAS_MALLOC_H 1
| #define PJ_HAS_NETDB_H 1
| #define PJ_HAS_NETINET_IN_SYSTM_H 1
| #define PJ_HAS_NETINET_IN_H 1
| #define PJ_HAS_NETINET_IP_H 1
| #define PJ_HAS_NETINET_TCP_H 1
| #define PJ_HAS_IFADDRS_H 1
| #define PJ_HAS_SEMAPHORE_H 1
| #define PJ_HAS_SETJMP_H 1
| #define PJ_HAS_STDARG_H 1
| #define PJ_HAS_STDDEF_H 1
| #define PJ_HAS_STDIO_H 1
| #define PJ_HAS_STDINT_H 1
| #define PJ_HAS_STDLIB_H 1
| #define PJ_HAS_STRING_H 1
| #define PJ_HAS_SYS_IOCTL_H 1
| #define PJ_HAS_SYS_SELECT_H 1
| #define PJ_HAS_SYS_SOCKET_H 1
| #define PJ_HAS_SYS_TIME_H 1
| #define PJ_HAS_SYS_TIMEB_H 1
| #define PJ_HAS_SYS_TYPES_H 1
| #define PJ_HAS_TIME_H 1
| #define PJ_HAS_UNISTD_H 1
| /* end confdefs.h.  */
| #include <ws2tcpip.h>
aconfigure:9613: result: no
aconfigure:9641: checking for ws2tcpip.h
aconfigure:9648: result: no
aconfigure:9670: checking uuid/uuid.h usability
aconfigure:9687: gcc -c -O2  conftest.c >&5
conftest.c:88:23: error: uuid/uuid.h: No such file or directory
aconfigure:9693: $? = 1
aconfigure: failed program was:
| /* confdefs.h.  */
| #define PACKAGE_NAME "pjproject"
| #define PACKAGE_TARNAME "pjproject"
| #define PACKAGE_VERSION "1.x"
| #define PACKAGE_STRING "pjproject 1.x"
| #define PACKAGE_BUGREPORT ""
| #define HAVE_LIBPTHREAD 1
| #define HAVE_LIBRT 1
| #define HAVE_LIBNSL 1
| #define PJ_M_NAME "i686"
| #define PJ_POOL_ALIGNMENT 4
| #define STDC_HEADERS 1
| #define HAVE_SYS_TYPES_H 1
| #define HAVE_SYS_STAT_H 1
| #define HAVE_STDLIB_H 1
| #define HAVE_STRING_H 1
| #define HAVE_MEMORY_H 1
| #define HAVE_STRINGS_H 1
| #define HAVE_INTTYPES_H 1
| #define HAVE_STDINT_H 1
| #define HAVE_UNISTD_H 1
| #define PJ_LINUX 1
| #define PJ_HAS_FLOATING_POINT 1
| #define HAVE_LIBM 1
| #define PJ_HAS_ARPA_INET_H 1
| #define PJ_HAS_ASSERT_H 1
| #define PJ_HAS_CTYPE_H 1
| #define PJ_HAS_ERRNO_H 1
| #define PJ_HAS_FCNTL_H 1
| #define PJ_HAS_LINUX_SOCKET_H 1
| #define PJ_HAS_MALLOC_H 1
| #define PJ_HAS_NETDB_H 1
| #define PJ_HAS_NETINET_IN_SYSTM_H 1
| #define PJ_HAS_NETINET_IN_H 1
| #define PJ_HAS_NETINET_IP_H 1
| #define PJ_HAS_NETINET_TCP_H 1
| #define PJ_HAS_IFADDRS_H 1
| #define PJ_HAS_SEMAPHORE_H 1
| #define PJ_HAS_SETJMP_H 1
| #define PJ_HAS_STDARG_H 1
| #define PJ_HAS_STDDEF_H 1
| #define PJ_HAS_STDIO_H 1
| #define PJ_HAS_STDINT_H 1
| #define PJ_HAS_STDLIB_H 1
| #define PJ_HAS_STRING_H 1
| #define PJ_HAS_SYS_IOCTL_H 1
| #define PJ_HAS_SYS_SELECT_H 1
| #define PJ_HAS_SYS_SOCKET_H 1
| #define PJ_HAS_SYS_TIME_H 1
| #define PJ_HAS_SYS_TIMEB_H 1
| #define PJ_HAS_SYS_TYPES_H 1
| #define PJ_HAS_TIME_H 1
| #define PJ_HAS_UNISTD_H 1
| /* end confdefs.h.  */
| #include <stdio.h>
| #ifdef HAVE_SYS_TYPES_H
| # include <sys/types.h>
| #endif
| #ifdef HAVE_SYS_STAT_H
| # include <sys/stat.h>
| #endif
| #ifdef STDC_HEADERS
| # include <stdlib.h>
| # include <stddef.h>
| #else
| # ifdef HAVE_STDLIB_H
| #  include <stdlib.h>
| # endif
| #endif
| #ifdef HAVE_STRING_H
| # if !defined STDC_HEADERS && defined HAVE_MEMORY_H
| #  include <memory.h>
| # endif
| # include <string.h>
| #endif
| #ifdef HAVE_STRINGS_H
| # include <strings.h>
| #endif
| #ifdef HAVE_INTTYPES_H
| # include <inttypes.h>
| #endif
| #ifdef HAVE_STDINT_H
| # include <stdint.h>
| #endif
| #ifdef HAVE_UNISTD_H
| # include <unistd.h>
| #endif
| #include <uuid/uuid.h>
aconfigure:9707: result: no
aconfigure:9711: checking uuid/uuid.h presence
aconfigure:9726: gcc -E  conftest.c
conftest.c:55:23: error: uuid/uuid.h: No such file or directory
aconfigure:9732: $? = 1
aconfigure: failed program was:
| /* confdefs.h.  */
| #define PACKAGE_NAME "pjproject"
| #define PACKAGE_TARNAME "pjproject"
| #define PACKAGE_VERSION "1.x"
| #define PACKAGE_STRING "pjproject 1.x"
| #define PACKAGE_BUGREPORT ""
| #define HAVE_LIBPTHREAD 1
| #define HAVE_LIBRT 1
| #define HAVE_LIBNSL 1
| #define PJ_M_NAME "i686"
| #define PJ_POOL_ALIGNMENT 4
| #define STDC_HEADERS 1
| #define HAVE_SYS_TYPES_H 1
| #define HAVE_SYS_STAT_H 1
| #define HAVE_STDLIB_H 1
| #define HAVE_STRING_H 1
| #define HAVE_MEMORY_H 1
| #define HAVE_STRINGS_H 1
| #define HAVE_INTTYPES_H 1
| #define HAVE_STDINT_H 1
| #define HAVE_UNISTD_H 1
| #define PJ_LINUX 1
| #define PJ_HAS_FLOATING_POINT 1
| #define HAVE_LIBM 1
| #define PJ_HAS_ARPA_INET_H 1
| #define PJ_HAS_ASSERT_H 1
| #define PJ_HAS_CTYPE_H 1
| #define PJ_HAS_ERRNO_H 1
| #define PJ_HAS_FCNTL_H 1
| #define PJ_HAS_LINUX_SOCKET_H 1
| #define PJ_HAS_MALLOC_H 1
| #define PJ_HAS_NETDB_H 1
| #define PJ_HAS_NETINET_IN_SYSTM_H 1
| #define PJ_HAS_NETINET_IN_H 1
| #define PJ_HAS_NETINET_IP_H 1
| #define PJ_HAS_NETINET_TCP_H 1
| #define PJ_HAS_IFADDRS_H 1
| #define PJ_HAS_SEMAPHORE_H 1
| #define PJ_HAS_SETJMP_H 1
| #define PJ_HAS_STDARG_H 1
| #define PJ_HAS_STDDEF_H 1
| #define PJ_HAS_STDIO_H 1
| #define PJ_HAS_STDINT_H 1
| #define PJ_HAS_STDLIB_H 1
| #define PJ_HAS_STRING_H 1
| #define PJ_HAS_SYS_IOCTL_H 1
| #define PJ_HAS_SYS_SELECT_H 1
| #define PJ_HAS_SYS_SOCKET_H 1
| #define PJ_HAS_SYS_TIME_H 1
| #define PJ_HAS_SYS_TIMEB_H 1
| #define PJ_HAS_SYS_TYPES_H 1
| #define PJ_HAS_TIME_H 1
| #define PJ_HAS_UNISTD_H 1
| /* end confdefs.h.  */
| #include <uuid/uuid.h>
aconfigure:9746: result: no
aconfigure:9774: checking for uuid/uuid.h
aconfigure:9781: result: no
aconfigure:9790: checking for net/if.h
aconfigure:9818: gcc -c -O2  conftest.c >&5
aconfigure:9824: $? = 0
aconfigure:9839: result: yes
aconfigure:9849: result: Setting PJ_OS_NAME to i686-pc-linux-gnu
aconfigure:9856: result: Setting PJ_HAS_ERRNO_VAR to 1
aconfigure:9863: result: Setting PJ_HAS_HIGH_RES_TIMER to 1
aconfigure:9870: result: Setting PJ_HAS_MALLOC to 1
aconfigure:9877: result: Setting PJ_NATIVE_STRING_IS_UNICODE to 0
aconfigure:9884: result: Setting PJ_ATOMIC_VALUE_TYPE to long
aconfigure:9891: checking if inet_aton() is available
aconfigure:9916: gcc -c -O2  conftest.c >&5
aconfigure:9922: $? = 0
aconfigure:9931: result: yes
aconfigure:9943: checking if inet_pton() is available
aconfigure:9968: gcc -c -O2  conftest.c >&5
aconfigure:9974: $? = 0
aconfigure:9983: result: yes
aconfigure:9995: checking if inet_ntop() is available
aconfigure:10020: gcc -c -O2  conftest.c >&5
aconfigure:10026: $? = 0
aconfigure:10035: result: yes
aconfigure:10047: checking if getaddrinfo() is available
aconfigure:10072: gcc -c -O2  conftest.c >&5
aconfigure:10078: $? = 0
aconfigure:10087: result: yes
aconfigure:10099: checking if sockaddr_in has sin_len member
aconfigure:10125: gcc -c -O2  conftest.c >&5
conftest.c: In function 'main':
conftest.c:73: error: 'struct sockaddr_in' has no member named 'sin_len'
aconfigure:10131: $? = 1
aconfigure: failed program was:
| /* confdefs.h.  */
| #define PACKAGE_NAME "pjproject"
| #define PACKAGE_TARNAME "pjproject"
| #define PACKAGE_VERSION "1.x"
| #define PACKAGE_STRING "pjproject 1.x"
| #define PACKAGE_BUGREPORT ""
| #define HAVE_LIBPTHREAD 1
| #define HAVE_LIBRT 1
| #define HAVE_LIBNSL 1
| #define PJ_M_NAME "i686"
| #define PJ_POOL_ALIGNMENT 4
| #define STDC_HEADERS 1
| #define HAVE_SYS_TYPES_H 1
| #define HAVE_SYS_STAT_H 1
| #define HAVE_STDLIB_H 1
| #define HAVE_STRING_H 1
| #define HAVE_MEMORY_H 1
| #define HAVE_STRINGS_H 1
| #define HAVE_INTTYPES_H 1
| #define HAVE_STDINT_H 1
| #define HAVE_UNISTD_H 1
| #define PJ_LINUX 1
| #define PJ_HAS_FLOATING_POINT 1
| #define HAVE_LIBM 1
| #define PJ_HAS_ARPA_INET_H 1
| #define PJ_HAS_ASSERT_H 1
| #define PJ_HAS_CTYPE_H 1
| #define PJ_HAS_ERRNO_H 1
| #define PJ_HAS_FCNTL_H 1
| #define PJ_HAS_LINUX_SOCKET_H 1
| #define PJ_HAS_MALLOC_H 1
| #define PJ_HAS_NETDB_H 1
| #define PJ_HAS_NETINET_IN_SYSTM_H 1
| #define PJ_HAS_NETINET_IN_H 1
| #define PJ_HAS_NETINET_IP_H 1
| #define PJ_HAS_NETINET_TCP_H 1
| #define PJ_HAS_IFADDRS_H 1
| #define PJ_HAS_SEMAPHORE_H 1
| #define PJ_HAS_SETJMP_H 1
| #define PJ_HAS_STDARG_H 1
| #define PJ_HAS_STDDEF_H 1
| #define PJ_HAS_STDIO_H 1
| #define PJ_HAS_STDINT_H 1
| #define PJ_HAS_STDLIB_H 1
| #define PJ_HAS_STRING_H 1
| #define PJ_HAS_SYS_IOCTL_H 1
| #define PJ_HAS_SYS_SELECT_H 1
| #define PJ_HAS_SYS_SOCKET_H 1
| #define PJ_HAS_SYS_TIME_H 1
| #define PJ_HAS_SYS_TIMEB_H 1
| #define PJ_HAS_SYS_TYPES_H 1
| #define PJ_HAS_TIME_H 1
| #define PJ_HAS_UNISTD_H 1
| #define PJ_HAS_NET_IF_H 1
| #define PJ_OS_NAME "i686-pc-linux-gnu"
| #define PJ_HAS_ERRNO_VAR 1
| #define PJ_HAS_HIGH_RES_TIMER 1
| #define PJ_HAS_MALLOC 1
| #define PJ_NATIVE_STRING_IS_UNICODE 0
| #define PJ_ATOMIC_VALUE_TYPE long
| #define PJ_SOCK_HAS_INET_ATON 1
| #define PJ_SOCK_HAS_INET_PTON 1
| #define PJ_SOCK_HAS_INET_NTOP 1
| #define PJ_SOCK_HAS_GETADDRINFO 1
| /* end confdefs.h.  */
| #include <sys/types.h>
| 				     #include <sys/socket.h>
| 		    		     #include <netinet/in.h>
| 		    		     #include <arpa/inet.h>
| int
| main ()
| {
| struct sockaddr_in a; a.sin_len=0;
|   ;
|   return 0;
| }
aconfigure:10146: result: no
aconfigure:10152: checking if socklen_t is available
aconfigure:10176: gcc -c -O2  conftest.c >&5
aconfigure:10182: $? = 0
aconfigure:10191: result: yes
aconfigure:10203: checking if SO_ERROR is available
aconfigure:10239: gcc -c -O2  conftest.c >&5
aconfigure:10245: $? = 0
aconfigure:10254: result: yes
aconfigure:10269: checking if pthread_rwlock_t is available
aconfigure:10292: gcc -c -O2  conftest.c >&5
aconfigure:10298: $? = 0
aconfigure:10308: result: yes
aconfigure:10383: checking if pthread_mutexattr_settype() is available
aconfigure:10406: gcc -c -O2  conftest.c >&5
conftest.c: In function 'main':
conftest.c:73: error: 'PTHREAD_MUTEX_FAST_NP' undeclared (first use in this function)
conftest.c:73: error: (Each undeclared identifier is reported only once
conftest.c:73: error: for each function it appears in.)
aconfigure:10412: $? = 1
aconfigure: failed program was:
| /* confdefs.h.  */
| #define PACKAGE_NAME "pjproject"
| #define PACKAGE_TARNAME "pjproject"
| #define PACKAGE_VERSION "1.x"
| #define PACKAGE_STRING "pjproject 1.x"
| #define PACKAGE_BUGREPORT ""
| #define HAVE_LIBPTHREAD 1
| #define HAVE_LIBRT 1
| #define HAVE_LIBNSL 1
| #define PJ_M_NAME "i686"
| #define PJ_POOL_ALIGNMENT 4
| #define STDC_HEADERS 1
| #define HAVE_SYS_TYPES_H 1
| #define HAVE_SYS_STAT_H 1
| #define HAVE_STDLIB_H 1
| #define HAVE_STRING_H 1
| #define HAVE_MEMORY_H 1
| #define HAVE_STRINGS_H 1
| #define HAVE_INTTYPES_H 1
| #define HAVE_STDINT_H 1
| #define HAVE_UNISTD_H 1
| #define PJ_LINUX 1
| #define PJ_HAS_FLOATING_POINT 1
| #define HAVE_LIBM 1
| #define PJ_HAS_ARPA_INET_H 1
| #define PJ_HAS_ASSERT_H 1
| #define PJ_HAS_CTYPE_H 1
| #define PJ_HAS_ERRNO_H 1
| #define PJ_HAS_FCNTL_H 1
| #define PJ_HAS_LINUX_SOCKET_H 1
| #define PJ_HAS_MALLOC_H 1
| #define PJ_HAS_NETDB_H 1
| #define PJ_HAS_NETINET_IN_SYSTM_H 1
| #define PJ_HAS_NETINET_IN_H 1
| #define PJ_HAS_NETINET_IP_H 1
| #define PJ_HAS_NETINET_TCP_H 1
| #define PJ_HAS_IFADDRS_H 1
| #define PJ_HAS_SEMAPHORE_H 1
| #define PJ_HAS_SETJMP_H 1
| #define PJ_HAS_STDARG_H 1
| #define PJ_HAS_STDDEF_H 1
| #define PJ_HAS_STDIO_H 1
| #define PJ_HAS_STDINT_H 1
| #define PJ_HAS_STDLIB_H 1
| #define PJ_HAS_STRING_H 1
| #define PJ_HAS_SYS_IOCTL_H 1
| #define PJ_HAS_SYS_SELECT_H 1
| #define PJ_HAS_SYS_SOCKET_H 1
| #define PJ_HAS_SYS_TIME_H 1
| #define PJ_HAS_SYS_TIMEB_H 1
| #define PJ_HAS_SYS_TYPES_H 1
| #define PJ_HAS_TIME_H 1
| #define PJ_HAS_UNISTD_H 1
| #define PJ_HAS_NET_IF_H 1
| #define PJ_OS_NAME "i686-pc-linux-gnu"
| #define PJ_HAS_ERRNO_VAR 1
| #define PJ_HAS_HIGH_RES_TIMER 1
| #define PJ_HAS_MALLOC 1
| #define PJ_NATIVE_STRING_IS_UNICODE 0
| #define PJ_ATOMIC_VALUE_TYPE long
| #define PJ_SOCK_HAS_INET_ATON 1
| #define PJ_SOCK_HAS_INET_PTON 1
| #define PJ_SOCK_HAS_INET_NTOP 1
| #define PJ_SOCK_HAS_GETADDRINFO 1
| #define PJ_HAS_SOCKLEN_T 1
| #define PJ_HAS_SO_ERROR 1
| #define PJ_EMULATE_RWMUTEX 0
| /* end confdefs.h.  */
| #include <pthread.h>
| int
| main ()
| {
| pthread_mutexattr_settype(0,PTHREAD_MUTEX_FAST_NP);
|   ;
|   return 0;
| }
aconfigure:10427: result: no
aconfigure:10433: checking if pthread_mutexattr_t has recursive member
aconfigure:10457: gcc -c -O2  conftest.c >&5
conftest.c: In function 'main':
conftest.c:74: error: 'pthread_mutexattr_t' has no member named 'recursive'
aconfigure:10463: $? = 1
aconfigure: failed program was:
| /* confdefs.h.  */
| #define PACKAGE_NAME "pjproject"
| #define PACKAGE_TARNAME "pjproject"
| #define PACKAGE_VERSION "1.x"
| #define PACKAGE_STRING "pjproject 1.x"
| #define PACKAGE_BUGREPORT ""
| #define HAVE_LIBPTHREAD 1
| #define HAVE_LIBRT 1
| #define HAVE_LIBNSL 1
| #define PJ_M_NAME "i686"
| #define PJ_POOL_ALIGNMENT 4
| #define STDC_HEADERS 1
| #define HAVE_SYS_TYPES_H 1
| #define HAVE_SYS_STAT_H 1
| #define HAVE_STDLIB_H 1
| #define HAVE_STRING_H 1
| #define HAVE_MEMORY_H 1
| #define HAVE_STRINGS_H 1
| #define HAVE_INTTYPES_H 1
| #define HAVE_STDINT_H 1
| #define HAVE_UNISTD_H 1
| #define PJ_LINUX 1
| #define PJ_HAS_FLOATING_POINT 1
| #define HAVE_LIBM 1
| #define PJ_HAS_ARPA_INET_H 1
| #define PJ_HAS_ASSERT_H 1
| #define PJ_HAS_CTYPE_H 1
| #define PJ_HAS_ERRNO_H 1
| #define PJ_HAS_FCNTL_H 1
| #define PJ_HAS_LINUX_SOCKET_H 1
| #define PJ_HAS_MALLOC_H 1
| #define PJ_HAS_NETDB_H 1
| #define PJ_HAS_NETINET_IN_SYSTM_H 1
| #define PJ_HAS_NETINET_IN_H 1
| #define PJ_HAS_NETINET_IP_H 1
| #define PJ_HAS_NETINET_TCP_H 1
| #define PJ_HAS_IFADDRS_H 1
| #define PJ_HAS_SEMAPHORE_H 1
| #define PJ_HAS_SETJMP_H 1
| #define PJ_HAS_STDARG_H 1
| #define PJ_HAS_STDDEF_H 1
| #define PJ_HAS_STDIO_H 1
| #define PJ_HAS_STDINT_H 1
| #define PJ_HAS_STDLIB_H 1
| #define PJ_HAS_STRING_H 1
| #define PJ_HAS_SYS_IOCTL_H 1
| #define PJ_HAS_SYS_SELECT_H 1
| #define PJ_HAS_SYS_SOCKET_H 1
| #define PJ_HAS_SYS_TIME_H 1
| #define PJ_HAS_SYS_TIMEB_H 1
| #define PJ_HAS_SYS_TYPES_H 1
| #define PJ_HAS_TIME_H 1
| #define PJ_HAS_UNISTD_H 1
| #define PJ_HAS_NET_IF_H 1
| #define PJ_OS_NAME "i686-pc-linux-gnu"
| #define PJ_HAS_ERRNO_VAR 1
| #define PJ_HAS_HIGH_RES_TIMER 1
| #define PJ_HAS_MALLOC 1
| #define PJ_NATIVE_STRING_IS_UNICODE 0
| #define PJ_ATOMIC_VALUE_TYPE long
| #define PJ_SOCK_HAS_INET_ATON 1
| #define PJ_SOCK_HAS_INET_PTON 1
| #define PJ_SOCK_HAS_INET_NTOP 1
| #define PJ_SOCK_HAS_GETADDRINFO 1
| #define PJ_HAS_SOCKLEN_T 1
| #define PJ_HAS_SO_ERROR 1
| #define PJ_EMULATE_RWMUTEX 0
| /* end confdefs.h.  */
| #include <pthread.h>
| int
| main ()
| {
| pthread_mutexattr_t attr;
| 				     attr.recursive=1;
|   ;
|   return 0;
| }
aconfigure:10478: result: no
aconfigure:10485: checking ioqueue backend
aconfigure:10497: result: select()
aconfigure:10808: checking sys/soundcard.h usability
aconfigure:10825: gcc -c -O2  conftest.c >&5
aconfigure:10831: $? = 0
aconfigure:10845: result: yes
aconfigure:10849: checking sys/soundcard.h presence
aconfigure:10864: gcc -E  conftest.c
aconfigure:10870: $? = 0
aconfigure:10884: result: yes
aconfigure:10912: checking for sys/soundcard.h
aconfigure:10919: result: yes
aconfigure:10938: checking linux/soundcard.h usability
aconfigure:10955: gcc -c -O2  conftest.c >&5
aconfigure:10961: $? = 0
aconfigure:10975: result: yes
aconfigure:10979: checking linux/soundcard.h presence
aconfigure:10994: gcc -E  conftest.c
aconfigure:11000: $? = 0
aconfigure:11014: result: yes
aconfigure:11042: checking for linux/soundcard.h
aconfigure:11049: result: yes
aconfigure:11068: checking machine/soundcard.h usability
aconfigure:11085: gcc -c -O2  conftest.c >&5
conftest.c:102:31: error: machine/soundcard.h: No such file or directory
aconfigure:11091: $? = 1
aconfigure: failed program was:
| /* confdefs.h.  */
| #define PACKAGE_NAME "pjproject"
| #define PACKAGE_TARNAME "pjproject"
| #define PACKAGE_VERSION "1.x"
| #define PACKAGE_STRING "pjproject 1.x"
| #define PACKAGE_BUGREPORT ""
| #define HAVE_LIBPTHREAD 1
| #define HAVE_LIBRT 1
| #define HAVE_LIBNSL 1
| #define PJ_M_NAME "i686"
| #define PJ_POOL_ALIGNMENT 4
| #define STDC_HEADERS 1
| #define HAVE_SYS_TYPES_H 1
| #define HAVE_SYS_STAT_H 1
| #define HAVE_STDLIB_H 1
| #define HAVE_STRING_H 1
| #define HAVE_MEMORY_H 1
| #define HAVE_STRINGS_H 1
| #define HAVE_INTTYPES_H 1
| #define HAVE_STDINT_H 1
| #define HAVE_UNISTD_H 1
| #define PJ_LINUX 1
| #define PJ_HAS_FLOATING_POINT 1
| #define HAVE_LIBM 1
| #define PJ_HAS_ARPA_INET_H 1
| #define PJ_HAS_ASSERT_H 1
| #define PJ_HAS_CTYPE_H 1
| #define PJ_HAS_ERRNO_H 1
| #define PJ_HAS_FCNTL_H 1
| #define PJ_HAS_LINUX_SOCKET_H 1
| #define PJ_HAS_MALLOC_H 1
| #define PJ_HAS_NETDB_H 1
| #define PJ_HAS_NETINET_IN_SYSTM_H 1
| #define PJ_HAS_NETINET_IN_H 1
| #define PJ_HAS_NETINET_IP_H 1
| #define PJ_HAS_NETINET_TCP_H 1
| #define PJ_HAS_IFADDRS_H 1
| #define PJ_HAS_SEMAPHORE_H 1
| #define PJ_HAS_SETJMP_H 1
| #define PJ_HAS_STDARG_H 1
| #define PJ_HAS_STDDEF_H 1
| #define PJ_HAS_STDIO_H 1
| #define PJ_HAS_STDINT_H 1
| #define PJ_HAS_STDLIB_H 1
| #define PJ_HAS_STRING_H 1
| #define PJ_HAS_SYS_IOCTL_H 1
| #define PJ_HAS_SYS_SELECT_H 1
| #define PJ_HAS_SYS_SOCKET_H 1
| #define PJ_HAS_SYS_TIME_H 1
| #define PJ_HAS_SYS_TIMEB_H 1
| #define PJ_HAS_SYS_TYPES_H 1
| #define PJ_HAS_TIME_H 1
| #define PJ_HAS_UNISTD_H 1
| #define PJ_HAS_NET_IF_H 1
| #define PJ_OS_NAME "i686-pc-linux-gnu"
| #define PJ_HAS_ERRNO_VAR 1
| #define PJ_HAS_HIGH_RES_TIMER 1
| #define PJ_HAS_MALLOC 1
| #define PJ_NATIVE_STRING_IS_UNICODE 0
| #define PJ_ATOMIC_VALUE_TYPE long
| #define PJ_SOCK_HAS_INET_ATON 1
| #define PJ_SOCK_HAS_INET_PTON 1
| #define PJ_SOCK_HAS_INET_NTOP 1
| #define PJ_SOCK_HAS_GETADDRINFO 1
| #define PJ_HAS_SOCKLEN_T 1
| #define PJ_HAS_SO_ERROR 1
| #define PJ_EMULATE_RWMUTEX 0
| /* end confdefs.h.  */
| #include <stdio.h>
| #ifdef HAVE_SYS_TYPES_H
| # include <sys/types.h>
| #endif
| #ifdef HAVE_SYS_STAT_H
| # include <sys/stat.h>
| #endif
| #ifdef STDC_HEADERS
| # include <stdlib.h>
| # include <stddef.h>
| #else
| # ifdef HAVE_STDLIB_H
| #  include <stdlib.h>
| # endif
| #endif
| #ifdef HAVE_STRING_H
| # if !defined STDC_HEADERS && defined HAVE_MEMORY_H
| #  include <memory.h>
| # endif
| # include <string.h>
| #endif
| #ifdef HAVE_STRINGS_H
| # include <strings.h>
| #endif
| #ifdef HAVE_INTTYPES_H
| # include <inttypes.h>
| #endif
| #ifdef HAVE_STDINT_H
| # include <stdint.h>
| #endif
| #ifdef HAVE_UNISTD_H
| # include <unistd.h>
| #endif
| #include <machine/soundcard.h>
aconfigure:11105: result: no
aconfigure:11109: checking machine/soundcard.h presence
aconfigure:11124: gcc -E  conftest.c
conftest.c:69:31: error: machine/soundcard.h: No such file or directory
aconfigure:11130: $? = 1
aconfigure: failed program was:
| /* confdefs.h.  */
| #define PACKAGE_NAME "pjproject"
| #define PACKAGE_TARNAME "pjproject"
| #define PACKAGE_VERSION "1.x"
| #define PACKAGE_STRING "pjproject 1.x"
| #define PACKAGE_BUGREPORT ""
| #define HAVE_LIBPTHREAD 1
| #define HAVE_LIBRT 1
| #define HAVE_LIBNSL 1
| #define PJ_M_NAME "i686"
| #define PJ_POOL_ALIGNMENT 4
| #define STDC_HEADERS 1
| #define HAVE_SYS_TYPES_H 1
| #define HAVE_SYS_STAT_H 1
| #define HAVE_STDLIB_H 1
| #define HAVE_STRING_H 1
| #define HAVE_MEMORY_H 1
| #define HAVE_STRINGS_H 1
| #define HAVE_INTTYPES_H 1
| #define HAVE_STDINT_H 1
| #define HAVE_UNISTD_H 1
| #define PJ_LINUX 1
| #define PJ_HAS_FLOATING_POINT 1
| #define HAVE_LIBM 1
| #define PJ_HAS_ARPA_INET_H 1
| #define PJ_HAS_ASSERT_H 1
| #define PJ_HAS_CTYPE_H 1
| #define PJ_HAS_ERRNO_H 1
| #define PJ_HAS_FCNTL_H 1
| #define PJ_HAS_LINUX_SOCKET_H 1
| #define PJ_HAS_MALLOC_H 1
| #define PJ_HAS_NETDB_H 1
| #define PJ_HAS_NETINET_IN_SYSTM_H 1
| #define PJ_HAS_NETINET_IN_H 1
| #define PJ_HAS_NETINET_IP_H 1
| #define PJ_HAS_NETINET_TCP_H 1
| #define PJ_HAS_IFADDRS_H 1
| #define PJ_HAS_SEMAPHORE_H 1
| #define PJ_HAS_SETJMP_H 1
| #define PJ_HAS_STDARG_H 1
| #define PJ_HAS_STDDEF_H 1
| #define PJ_HAS_STDIO_H 1
| #define PJ_HAS_STDINT_H 1
| #define PJ_HAS_STDLIB_H 1
| #define PJ_HAS_STRING_H 1
| #define PJ_HAS_SYS_IOCTL_H 1
| #define PJ_HAS_SYS_SELECT_H 1
| #define PJ_HAS_SYS_SOCKET_H 1
| #define PJ_HAS_SYS_TIME_H 1
| #define PJ_HAS_SYS_TIMEB_H 1
| #define PJ_HAS_SYS_TYPES_H 1
| #define PJ_HAS_TIME_H 1
| #define PJ_HAS_UNISTD_H 1
| #define PJ_HAS_NET_IF_H 1
| #define PJ_OS_NAME "i686-pc-linux-gnu"
| #define PJ_HAS_ERRNO_VAR 1
| #define PJ_HAS_HIGH_RES_TIMER 1
| #define PJ_HAS_MALLOC 1
| #define PJ_NATIVE_STRING_IS_UNICODE 0
| #define PJ_ATOMIC_VALUE_TYPE long
| #define PJ_SOCK_HAS_INET_ATON 1
| #define PJ_SOCK_HAS_INET_PTON 1
| #define PJ_SOCK_HAS_INET_NTOP 1
| #define PJ_SOCK_HAS_GETADDRINFO 1
| #define PJ_HAS_SOCKLEN_T 1
| #define PJ_HAS_SO_ERROR 1
| #define PJ_EMULATE_RWMUTEX 0
| /* end confdefs.h.  */
| #include <machine/soundcard.h>
aconfigure:11144: result: no
aconfigure:11172: checking for machine/soundcard.h
aconfigure:11179: result: no
aconfigure:11240: checking alsa/version.h usability
aconfigure:11257: gcc -c -O2  conftest.c >&5
aconfigure:11263: $? = 0
aconfigure:11277: result: yes
aconfigure:11281: checking alsa/version.h presence
aconfigure:11296: gcc -E  conftest.c
aconfigure:11302: $? = 0
aconfigure:11316: result: yes
aconfigure:11344: checking for alsa/version.h
aconfigure:11351: result: yes
aconfigure:11366: result: Checking sound device backend... unix
aconfigure:11406: result: Checking if small filter is disabled... no
aconfigure:11420: result: Checking if large filter is disabled... no
aconfigure:11434: result: Checking if Speex AEC is disabled...no
aconfigure:11452: result: Checking if G.711 codec is disabled...no
aconfigure:11471: result: Checking if L16 codec is disabled...no
aconfigure:11490: result: Checking if GSM codec is disabled...no
aconfigure:11508: result: Checking if G.722 codec is disabled...no
aconfigure:11526: result: Checking if G.722.1 codec is disabled...no
aconfigure:11544: result: Checking if Speex codec is disabled...no
aconfigure:11562: result: Checking if iLBC codec is disabled...no
aconfigure:11641: result: Skipping libsamplerate detection
aconfigure:11994: result: Skipping Intel IPP settings (not wanted)
aconfigure:12012: result: checking for OpenSSL installations..
aconfigure:12027: checking openssl/ssl.h usability
aconfigure:12044: gcc -c -O2  conftest.c >&5
aconfigure:12050: $? = 0
aconfigure:12064: result: yes
aconfigure:12068: checking openssl/ssl.h presence
aconfigure:12083: gcc -E  conftest.c
aconfigure:12089: $? = 0
aconfigure:12103: result: yes
aconfigure:12131: checking for openssl/ssl.h
aconfigure:12138: result: yes
aconfigure:12147: checking for ERR_load_BIO_strings in -lcrypto
aconfigure:12182: gcc -o conftest -O2   conftest.c -lcrypto  -lm -lnsl -lrt -lpthread  -lasound >&5
aconfigure:12188: $? = 0
aconfigure:12206: result: yes
aconfigure:12212: checking for SSL_library_init in -lssl
aconfigure:12247: gcc -o conftest -O2   conftest.c -lssl  -lm -lnsl -lrt -lpthread  -lasound -lcrypto >&5
aconfigure:12253: $? = 0
aconfigure:12271: result: yes
aconfigure:12278: result: OpenSSL library found, SSL support enabled
aconfigure:12297: checking if select() needs correct nfds
aconfigure:12311: result: no (default)
aconfigure:12313: result: ** Decided that select() doesn't need correct nfds (please check)
aconfigure:12318: checking if pj_thread_create() should enforce stack size
aconfigure:12332: result: no (default)
aconfigure:12337: checking if pj_thread_create() should allocate stack
aconfigure:12351: result: no (default)
aconfigure:12367: result: ** Setting non-blocking recv() retval to EAGAIN (please check)
aconfigure:12383: result: ** Setting non-blocking connect() retval to EINPROGRESS (please check)
aconfigure:12512: creating ./config.status

## ---------------------- ##
## Running config.status. ##
## ---------------------- ##

This file was extended by pjproject config.status 1.x, which was
generated by GNU Autoconf 2.61.  Invocation command line was

  CONFIG_FILES    = 
  CONFIG_HEADERS  = 
  CONFIG_LINKS    = 
  CONFIG_COMMANDS = 
  $ ./config.status 

on nose

config.status:660: creating build.mak
config.status:660: creating build/os-auto.mak
config.status:660: creating build/cc-auto.mak
config.status:660: creating pjlib/build/os-auto.mak
config.status:660: creating pjlib-util/build/os-auto.mak
config.status:660: creating pjmedia/build/os-auto.mak
config.status:660: creating pjsip/build/os-auto.mak
config.status:660: creating third_party/build/os-auto.mak
config.status:660: creating third_party/build/portaudio/os-auto.mak
config.status:660: creating pjlib/include/pj/compat/os_auto.h
config.status:660: creating pjlib/include/pj/compat/m_auto.h
config.status:660: creating pjmedia/include/pjmedia/config_auto.h
config.status:660: creating pjmedia/include/pjmedia-codec/config_auto.h
config.status:660: creating pjsip/include/pjsip/sip_autoconf.h
aconfigure:13620: result:

Configurations for current target have been written to 'build.mak', and 'os-auto.mak' in various build directories, and pjlib/include/pj/compat/os_auto.h.

Further customizations can be put in:
  - 'user.mak'
  - 'pjlib/include/pj/config_site.h'

The next step now is to run 'make dep' and 'make'.


## ---------------- ##
## Cache variables. ##
## ---------------- ##

ac_cv_build=i686-pc-linux-gnu
ac_cv_c_bigendian=no
ac_cv_c_compiler_gnu=yes
ac_cv_cxx_compiler_gnu=yes
ac_cv_env_CCC_set=
ac_cv_env_CCC_value=
ac_cv_env_CC_set=
ac_cv_env_CC_value=
ac_cv_env_CFLAGS_set=
ac_cv_env_CFLAGS_value=
ac_cv_env_CPPFLAGS_set=
ac_cv_env_CPPFLAGS_value=
ac_cv_env_CPP_set=
ac_cv_env_CPP_value=
ac_cv_env_CXXFLAGS_set=
ac_cv_env_CXXFLAGS_value=
ac_cv_env_CXX_set=
ac_cv_env_CXX_value=
ac_cv_env_LDFLAGS_set=
ac_cv_env_LDFLAGS_value=
ac_cv_env_LIBS_set=
ac_cv_env_LIBS_value=
ac_cv_env_build_alias_set=
ac_cv_env_build_alias_value=
ac_cv_env_host_alias_set=
ac_cv_env_host_alias_value=
ac_cv_env_target_alias_set=
ac_cv_env_target_alias_value=
ac_cv_func_getifaddrs=yes
ac_cv_header_alsa_version_h=yes
ac_cv_header_arpa_inet_h=yes
ac_cv_header_assert_h=yes
ac_cv_header_ctype_h=yes
ac_cv_header_errno_h=yes
ac_cv_header_fcntl_h=yes
ac_cv_header_ifaddrs_h=yes
ac_cv_header_inttypes_h=yes
ac_cv_header_linux_socket_h=yes
ac_cv_header_linux_soundcard_h=yes
ac_cv_header_machine_soundcard_h=no
ac_cv_header_malloc_h=yes
ac_cv_header_memory_h=yes
ac_cv_header_mswsock_h=no
ac_cv_header_net_if_h=yes
ac_cv_header_netdb_h=yes
ac_cv_header_netinet_in_h=yes
ac_cv_header_netinet_in_systm_h=yes
ac_cv_header_netinet_ip_h=yes
ac_cv_header_netinet_tcp_h=yes
ac_cv_header_openssl_ssl_h=yes
ac_cv_header_semaphore_h=yes
ac_cv_header_setjmp_h=yes
ac_cv_header_stdarg_h=yes
ac_cv_header_stdc=yes
ac_cv_header_stddef_h=yes
ac_cv_header_stdint_h=yes
ac_cv_header_stdio_h=yes
ac_cv_header_stdlib_h=yes
ac_cv_header_string_h=yes
ac_cv_header_strings_h=yes
ac_cv_header_sys_filio_h=no
ac_cv_header_sys_ioctl_h=yes
ac_cv_header_sys_select_h=yes
ac_cv_header_sys_socket_h=yes
ac_cv_header_sys_sockio_h=no
ac_cv_header_sys_soundcard_h=yes
ac_cv_header_sys_stat_h=yes
ac_cv_header_sys_time_h=yes
ac_cv_header_sys_timeb_h=yes
ac_cv_header_sys_types_h=yes
ac_cv_header_time_h=yes
ac_cv_header_unistd_h=yes
ac_cv_header_uuid_uuid_h=no
ac_cv_header_winsock2_h=no
ac_cv_header_winsock_h=no
ac_cv_header_ws2tcpip_h=no
ac_cv_host=i686-pc-linux-gnu
ac_cv_lib_crypto_ERR_load_BIO_strings=yes
ac_cv_lib_m_fmod=yes
ac_cv_lib_nsl_puts=yes
ac_cv_lib_ole32_puts=no
ac_cv_lib_pthread_pthread_create=yes
ac_cv_lib_rt_puts=yes
ac_cv_lib_socket_puts=no
ac_cv_lib_ssl_SSL_library_init=yes
ac_cv_lib_uuid_uuid_generate=no
ac_cv_lib_winmm_puts=no
ac_cv_lib_ws2_32_puts=no
ac_cv_lib_wsock32_puts=no
ac_cv_objext=o
ac_cv_path_EGREP='/bin/grep -E'
ac_cv_path_GREP=/bin/grep
ac_cv_prog_CPP='gcc -E'
ac_cv_prog_ac_ct_CC=gcc
ac_cv_prog_ac_ct_CXX=g++
ac_cv_prog_cc_c89=
ac_cv_prog_cc_g=yes
ac_cv_prog_cxx_g=yes
ac_cv_target=i686-pc-linux-gnu

## ----------------- ##
## Output variables. ##
## ----------------- ##

AR='ar rv'
CC='gcc'
CC_CFLAGS='-Wall'
CC_DEF='-D'
CC_INC='-I'
CC_OPTIMIZE='-O2'
CC_OUT='-o'
CFLAGS='-O2'
CPP='gcc -E'
CPPFLAGS=''
CXX='g++'
CXXFLAGS='-O2 '
DEFS='-DHAVE_CONFIG_H'
ECHO_C=''
ECHO_N='-n'
ECHO_T=''
EGREP='/bin/grep -E'
EXEEXT=''
GREP='/bin/grep'
LD='gcc'
LDFLAGS=''
LDOUT='-o'
LIBEXT2=''
LIBEXT='a'
LIBOBJS=''
LIBS='-lm -lnsl -lrt -lpthread  -lasound -lcrypto -lssl'
LTLIBOBJS=''
OBJEXT='o'
PACKAGE_BUGREPORT=''
PACKAGE_NAME='pjproject'
PACKAGE_STRING='pjproject 1.x'
PACKAGE_TARNAME='pjproject'
PACKAGE_VERSION='1.x'
PATH_SEPARATOR=':'
RANLIB='ranlib'
SHELL='/bin/bash'
ac_build_mak_vars=''
ac_cross_compile=''
ac_ct_CC='gcc'
ac_ct_CXX='g++'
ac_external_gsm='0'
ac_external_pa='0'
ac_external_speex='0'
ac_host='unix'
ac_linux_poll='select'
ac_main_obj='main.o'
ac_no_g711_codec=''
ac_no_g7221_codec=''
ac_no_g722_codec=''
ac_no_gsm_codec=''
ac_no_ilbc_codec=''
ac_no_l16_codec=''
ac_no_large_filter=''
ac_no_small_filter=''
ac_no_speex_aec=''
ac_no_speex_codec=''
ac_no_ssl=''
ac_os_objs='ioqueue_select.o file_access_unistd.o file_io_ansi.o os_core_unix.o os_error_unix.o os_time_unix.o os_timestamp_posix.o guid_simple.o'
ac_pa_cflags=' -DHAVE_SYS_SOUNDCARD_H -DHAVE_LINUX_SOUNDCARD_H -DPA_LITTLE_ENDIAN'
ac_pa_use_alsa='1'
ac_pa_use_oss='1'
ac_pjdir='/home/alex/textsip/pjproject-1.8.10'
ac_pjmedia_snd='pa_unix'
bindir='${exec_prefix}/bin'
build='i686-pc-linux-gnu'
build_alias=''
build_cpu='i686'
build_os='linux-gnu'
build_vendor='pc'
datadir='${datarootdir}'
datarootdir='${prefix}/share'
docdir='${datarootdir}/doc/${PACKAGE_TARNAME}'
dvidir='${docdir}'
exec_prefix='${prefix}'
host='i686-pc-linux-gnu'
host_alias=''
host_cpu='i686'
host_os='linux-gnu'
host_vendor='pc'
htmldir='${docdir}'
includedir='${prefix}/include'
infodir='${datarootdir}/info'
libcrypto_present='1'
libdir='${exec_prefix}/lib'
libexecdir='${exec_prefix}/libexec'
libssl_present='1'
localedir='${datarootdir}/locale'
localstatedir='${prefix}/var'
mandir='${datarootdir}/man'
oldincludedir='/usr/include'
openssl_h_present='1'
pdfdir='${docdir}'
prefix='/usr/local'
program_transform_name='s,x,x,'
psdir='${docdir}'
sbindir='${exec_prefix}/sbin'
sharedstatedir='${prefix}/com'
sysconfdir='${prefix}/etc'
target='i686-pc-linux-gnu'
target_alias=''
target_cpu='i686'
target_os='linux-gnu'
target_vendor='pc'

## ----------- ##
## confdefs.h. ##
## ----------- ##

#define PACKAGE_NAME "pjproject"
#define PACKAGE_TARNAME "pjproject"
#define PACKAGE_VERSION "1.x"
#define PACKAGE_STRING "pjproject 1.x"
#define PACKAGE_BUGREPORT ""
#define HAVE_LIBPTHREAD 1
#define HAVE_LIBRT 1
#define HAVE_LIBNSL 1
#define PJ_M_NAME "i686"
#define PJ_POOL_ALIGNMENT 4
#define STDC_HEADERS 1
#define HAVE_SYS_TYPES_H 1
#define HAVE_SYS_STAT_H 1
#define HAVE_STDLIB_H 1
#define HAVE_STRING_H 1
#define HAVE_MEMORY_H 1
#define HAVE_STRINGS_H 1
#define HAVE_INTTYPES_H 1
#define HAVE_STDINT_H 1
#define HAVE_UNISTD_H 1
#define PJ_LINUX 1
#define PJ_HAS_FLOATING_POINT 1
#define HAVE_LIBM 1
#define PJ_HAS_ARPA_INET_H 1
#define PJ_HAS_ASSERT_H 1
#define PJ_HAS_CTYPE_H 1
#define PJ_HAS_ERRNO_H 1
#define PJ_HAS_FCNTL_H 1
#define PJ_HAS_LINUX_SOCKET_H 1
#define PJ_HAS_MALLOC_H 1
#define PJ_HAS_NETDB_H 1
#define PJ_HAS_NETINET_IN_SYSTM_H 1
#define PJ_HAS_NETINET_IN_H 1
#define PJ_HAS_NETINET_IP_H 1
#define PJ_HAS_NETINET_TCP_H 1
#define PJ_HAS_IFADDRS_H 1
#define PJ_HAS_SEMAPHORE_H 1
#define PJ_HAS_SETJMP_H 1
#define PJ_HAS_STDARG_H 1
#define PJ_HAS_STDDEF_H 1
#define PJ_HAS_STDIO_H 1
#define PJ_HAS_STDINT_H 1
#define PJ_HAS_STDLIB_H 1
#define PJ_HAS_STRING_H 1
#define PJ_HAS_SYS_IOCTL_H 1
#define PJ_HAS_SYS_SELECT_H 1
#define PJ_HAS_SYS_SOCKET_H 1
#define PJ_HAS_SYS_TIME_H 1
#define PJ_HAS_SYS_TIMEB_H 1
#define PJ_HAS_SYS_TYPES_H 1
#define PJ_HAS_TIME_H 1
#define PJ_HAS_UNISTD_H 1
#define PJ_HAS_NET_IF_H 1
#define PJ_OS_NAME "i686-pc-linux-gnu"
#define PJ_HAS_ERRNO_VAR 1
#define PJ_HAS_HIGH_RES_TIMER 1
#define PJ_HAS_MALLOC 1
#define PJ_NATIVE_STRING_IS_UNICODE 0
#define PJ_ATOMIC_VALUE_TYPE long
#define PJ_SOCK_HAS_INET_ATON 1
#define PJ_SOCK_HAS_INET_PTON 1
#define PJ_SOCK_HAS_INET_NTOP 1
#define PJ_SOCK_HAS_GETADDRINFO 1
#define PJ_HAS_SOCKLEN_T 1
#define PJ_HAS_SO_ERROR 1
#define PJ_EMULATE_RWMUTEX 0
#define PJ_HAS_SSL_SOCK 1
#define PJ_SELECT_NEEDS_NFDS 0
#define PJ_THREAD_SET_STACK_SIZE 0
#define PJ_THREAD_ALLOCATE_STACK 0
#define PJ_BLOCKING_ERROR_VAL EAGAIN
#define PJ_BLOCKING_CONNECT_ERROR_VAL EINPROGRESS

aconfigure: exit 0
